  [1m[36mActiveRecord::SchemaMigration Load (64.3ms)[0m  [1mSELECT `schema_migrations`.* FROM `schema_migrations`[0m
Migrating to CreateUsers (20150428054715)
  [1m[35m (240.4ms)[0m  CREATE TABLE `users` (`id` int(11) auto_increment PRIMARY KEY, `email` varchar(255), `password_digest` varchar(255), `created_at` datetime NOT NULL, `updated_at` datetime NOT NULL) ENGINE=InnoDB
  [1m[36m (171.5ms)[0m  [1mCREATE UNIQUE INDEX `index_users_on_email`  ON `users` (`email`) [0m
  [1m[35m (0.3ms)[0m  BEGIN
  [1m[36mSQL (0.4ms)[0m  [1mINSERT INTO `schema_migrations` (`version`) VALUES ('20150428054715')[0m
  [1m[35m (40.9ms)[0m  COMMIT
Migrating to CreateTasks (20150428055009)
  [1m[36m (87.1ms)[0m  [1mCREATE TABLE `tasks` (`id` int(11) auto_increment PRIMARY KEY, `description` varchar(255), `user_id` int(11), `state` tinyint(1), `created_at` datetime NOT NULL, `updated_at` datetime NOT NULL) ENGINE=InnoDB[0m
  [1m[35m (0.3ms)[0m  BEGIN
  [1m[36mSQL (0.5ms)[0m  [1mINSERT INTO `schema_migrations` (`version`) VALUES ('20150428055009')[0m
  [1m[35m (29.9ms)[0m  COMMIT
  [1m[36mActiveRecord::SchemaMigration Load (0.2ms)[0m  [1mSELECT `schema_migrations`.* FROM `schema_migrations`[0m
  [1m[35m (26.4ms)[0m  SELECT fk.referenced_table_name as 'to_table'
      ,fk.referenced_column_name as 'primary_key'
      ,fk.column_name as 'column'
      ,fk.constraint_name as 'name'
FROM information_schema.key_column_usage fk
WHERE fk.referenced_column_name is not null
  AND fk.table_schema = 'back-end_development'
  AND fk.table_name = 'authors'

  [1m[36m (0.5ms)[0m  [1mSHOW CREATE TABLE `authors`[0m
  [1m[35m (0.6ms)[0m  SELECT fk.referenced_table_name as 'to_table'
      ,fk.referenced_column_name as 'primary_key'
      ,fk.column_name as 'column'
      ,fk.constraint_name as 'name'
FROM information_schema.key_column_usage fk
WHERE fk.referenced_column_name is not null
  AND fk.table_schema = 'back-end_development'
  AND fk.table_name = 'authors_books'

  [1m[36m (0.3ms)[0m  [1mSHOW CREATE TABLE `authors_books`[0m
  [1m[35m (0.5ms)[0m  SELECT fk.referenced_table_name as 'to_table'
      ,fk.referenced_column_name as 'primary_key'
      ,fk.column_name as 'column'
      ,fk.constraint_name as 'name'
FROM information_schema.key_column_usage fk
WHERE fk.referenced_column_name is not null
  AND fk.table_schema = 'back-end_development'
  AND fk.table_name = 'books'

  [1m[36m (0.3ms)[0m  [1mSHOW CREATE TABLE `books`[0m
  [1m[35m (0.5ms)[0m  SELECT fk.referenced_table_name as 'to_table'
      ,fk.referenced_column_name as 'primary_key'
      ,fk.column_name as 'column'
      ,fk.constraint_name as 'name'
FROM information_schema.key_column_usage fk
WHERE fk.referenced_column_name is not null
  AND fk.table_schema = 'back-end_development'
  AND fk.table_name = 'tasks'

  [1m[36m (0.3ms)[0m  [1mSHOW CREATE TABLE `tasks`[0m
  [1m[35m (0.5ms)[0m  SELECT fk.referenced_table_name as 'to_table'
      ,fk.referenced_column_name as 'primary_key'
      ,fk.column_name as 'column'
      ,fk.constraint_name as 'name'
FROM information_schema.key_column_usage fk
WHERE fk.referenced_column_name is not null
  AND fk.table_schema = 'back-end_development'
  AND fk.table_name = 'users'

  [1m[36m (0.3ms)[0m  [1mSHOW CREATE TABLE `users`[0m
  [1m[36mActiveRecord::SchemaMigration Load (0.6ms)[0m  [1mSELECT `schema_migrations`.* FROM `schema_migrations`[0m
  [1m[35mActiveRecord::SchemaMigration Load (0.2ms)[0m  SELECT `schema_migrations`.* FROM `schema_migrations`
Migrating to CreateTasks (20150428055009)
  [1m[36m (88.2ms)[0m  [1mDROP TABLE `tasks`[0m
  [1m[35mSQL (45.1ms)[0m  DELETE FROM `schema_migrations` WHERE `schema_migrations`.`version` = '20150428055009'
  [1m[36mActiveRecord::SchemaMigration Load (0.3ms)[0m  [1mSELECT `schema_migrations`.* FROM `schema_migrations`[0m
  [1m[35m (0.4ms)[0m  SELECT fk.referenced_table_name as 'to_table'
      ,fk.referenced_column_name as 'primary_key'
      ,fk.column_name as 'column'
      ,fk.constraint_name as 'name'
FROM information_schema.key_column_usage fk
WHERE fk.referenced_column_name is not null
  AND fk.table_schema = 'back-end_development'
  AND fk.table_name = 'authors'

  [1m[36m (0.3ms)[0m  [1mSHOW CREATE TABLE `authors`[0m
  [1m[35m (0.6ms)[0m  SELECT fk.referenced_table_name as 'to_table'
      ,fk.referenced_column_name as 'primary_key'
      ,fk.column_name as 'column'
      ,fk.constraint_name as 'name'
FROM information_schema.key_column_usage fk
WHERE fk.referenced_column_name is not null
  AND fk.table_schema = 'back-end_development'
  AND fk.table_name = 'authors_books'

  [1m[36m (0.2ms)[0m  [1mSHOW CREATE TABLE `authors_books`[0m
  [1m[35m (0.6ms)[0m  SELECT fk.referenced_table_name as 'to_table'
      ,fk.referenced_column_name as 'primary_key'
      ,fk.column_name as 'column'
      ,fk.constraint_name as 'name'
FROM information_schema.key_column_usage fk
WHERE fk.referenced_column_name is not null
  AND fk.table_schema = 'back-end_development'
  AND fk.table_name = 'books'

  [1m[36m (0.3ms)[0m  [1mSHOW CREATE TABLE `books`[0m
  [1m[35m (0.5ms)[0m  SELECT fk.referenced_table_name as 'to_table'
      ,fk.referenced_column_name as 'primary_key'
      ,fk.column_name as 'column'
      ,fk.constraint_name as 'name'
FROM information_schema.key_column_usage fk
WHERE fk.referenced_column_name is not null
  AND fk.table_schema = 'back-end_development'
  AND fk.table_name = 'users'

  [1m[36m (0.2ms)[0m  [1mSHOW CREATE TABLE `users`[0m
  [1m[36mActiveRecord::SchemaMigration Load (0.6ms)[0m  [1mSELECT `schema_migrations`.* FROM `schema_migrations`[0m
Migrating to CreateTasks (20150428055009)
  [1m[35m (103.4ms)[0m  CREATE TABLE `tasks` (`id` int(11) auto_increment PRIMARY KEY, `description` varchar(255), `user_id` int(11), `state` tinyint(1) DEFAULT 0, `created_at` datetime NOT NULL, `updated_at` datetime NOT NULL) ENGINE=InnoDB
  [1m[36m (0.4ms)[0m  [1mBEGIN[0m
  [1m[35mSQL (0.6ms)[0m  INSERT INTO `schema_migrations` (`version`) VALUES ('20150428055009')
  [1m[36m (35.4ms)[0m  [1mCOMMIT[0m
  [1m[35mActiveRecord::SchemaMigration Load (0.5ms)[0m  SELECT `schema_migrations`.* FROM `schema_migrations`
  [1m[36m (0.6ms)[0m  [1mSELECT fk.referenced_table_name as 'to_table'
      ,fk.referenced_column_name as 'primary_key'
      ,fk.column_name as 'column'
      ,fk.constraint_name as 'name'
FROM information_schema.key_column_usage fk
WHERE fk.referenced_column_name is not null
  AND fk.table_schema = 'back-end_development'
  AND fk.table_name = 'authors'
[0m
  [1m[35m (0.3ms)[0m  SHOW CREATE TABLE `authors`
  [1m[36m (0.5ms)[0m  [1mSELECT fk.referenced_table_name as 'to_table'
      ,fk.referenced_column_name as 'primary_key'
      ,fk.column_name as 'column'
      ,fk.constraint_name as 'name'
FROM information_schema.key_column_usage fk
WHERE fk.referenced_column_name is not null
  AND fk.table_schema = 'back-end_development'
  AND fk.table_name = 'authors_books'
[0m
  [1m[35m (0.3ms)[0m  SHOW CREATE TABLE `authors_books`
  [1m[36m (0.5ms)[0m  [1mSELECT fk.referenced_table_name as 'to_table'
      ,fk.referenced_column_name as 'primary_key'
      ,fk.column_name as 'column'
      ,fk.constraint_name as 'name'
FROM information_schema.key_column_usage fk
WHERE fk.referenced_column_name is not null
  AND fk.table_schema = 'back-end_development'
  AND fk.table_name = 'books'
[0m
  [1m[35m (0.2ms)[0m  SHOW CREATE TABLE `books`
  [1m[36m (0.4ms)[0m  [1mSELECT fk.referenced_table_name as 'to_table'
      ,fk.referenced_column_name as 'primary_key'
      ,fk.column_name as 'column'
      ,fk.constraint_name as 'name'
FROM information_schema.key_column_usage fk
WHERE fk.referenced_column_name is not null
  AND fk.table_schema = 'back-end_development'
  AND fk.table_name = 'tasks'
[0m
  [1m[35m (0.2ms)[0m  SHOW CREATE TABLE `tasks`
  [1m[36m (0.4ms)[0m  [1mSELECT fk.referenced_table_name as 'to_table'
      ,fk.referenced_column_name as 'primary_key'
      ,fk.column_name as 'column'
      ,fk.constraint_name as 'name'
FROM information_schema.key_column_usage fk
WHERE fk.referenced_column_name is not null
  AND fk.table_schema = 'back-end_development'
  AND fk.table_name = 'users'
[0m
  [1m[35m (0.2ms)[0m  SHOW CREATE TABLE `users`
  [1m[36mActiveRecord::SchemaMigration Load (0.3ms)[0m  [1mSELECT `schema_migrations`.* FROM `schema_migrations`[0m
  [1m[35m (0.2ms)[0m  BEGIN
  [1m[36mSQL (14.8ms)[0m  [1mINSERT INTO `users` (`email`, `password_digest`, `created_at`, `updated_at`) VALUES ('user@example.com', '$2a$10$DRlTfC3WOqoY2fs80zltrO9d2baiNPHwTV/4H9Jwh8WK862uck3D.', '2015-04-28 06:12:22.781430', '2015-04-28 06:12:22.781430')[0m
  [1m[35m (44.2ms)[0m  COMMIT
  [1m[36mUser Load (0.4ms)[0m  [1mSELECT  `users`.* FROM `users`  ORDER BY `users`.`id` ASC LIMIT 1[0m
  [1m[35m (0.3ms)[0m  BEGIN
  [1m[36mSQL (0.9ms)[0m  [1mINSERT INTO `tasks` (`description`, `user_id`, `created_at`, `updated_at`) VALUES ('Buy milk', 1, '2015-04-28 06:12:22.904605', '2015-04-28 06:12:22.904605')[0m
  [1m[35m (35.5ms)[0m  COMMIT
  [1m[36m (0.2ms)[0m  [1mBEGIN[0m
  [1m[35mSQL (0.6ms)[0m  INSERT INTO `tasks` (`description`, `user_id`, `created_at`, `updated_at`) VALUES ('Buy milk', 1, '2015-04-28 06:12:22.944344', '2015-04-28 06:12:22.944344')
  [1m[36m (29.7ms)[0m  [1mCOMMIT[0m
  [1m[35m (0.4ms)[0m  BEGIN
  [1m[36mSQL (0.5ms)[0m  [1mINSERT INTO `tasks` (`description`, `user_id`, `created_at`, `updated_at`) VALUES ('Buy milk', 1, '2015-04-28 06:12:22.979050', '2015-04-28 06:12:22.979050')[0m
  [1m[35m (50.6ms)[0m  COMMIT
  [1m[36m (94.1ms)[0m  [1mCREATE TABLE `schema_migrations` (`version` varchar(255) NOT NULL) ENGINE=InnoDB[0m
  [1m[35m (165.7ms)[0m  CREATE UNIQUE INDEX `unique_schema_migrations`  ON `schema_migrations` (`version`) 
  [1m[36mActiveRecord::SchemaMigration Load (0.5ms)[0m  [1mSELECT `schema_migrations`.* FROM `schema_migrations`[0m
Migrating to CreateUsers (20150428054715)
  [1m[35m (58.5ms)[0m  CREATE TABLE `users` (`id` int(11) auto_increment PRIMARY KEY, `email` varchar(255), `password_digest` varchar(255), `created_at` datetime NOT NULL, `updated_at` datetime NOT NULL) ENGINE=InnoDB
  [1m[36m (132.5ms)[0m  [1mCREATE UNIQUE INDEX `index_users_on_email`  ON `users` (`email`) [0m
  [1m[35m (0.3ms)[0m  BEGIN
  [1m[36mSQL (0.6ms)[0m  [1mINSERT INTO `schema_migrations` (`version`) VALUES ('20150428054715')[0m
  [1m[35m (35.1ms)[0m  COMMIT
Migrating to CreateTasks (20150428055009)
  [1m[36m (65.7ms)[0m  [1mCREATE TABLE `tasks` (`id` int(11) auto_increment PRIMARY KEY, `description` varchar(255), `user_id` int(11), `state` tinyint(1) DEFAULT 0, `created_at` datetime NOT NULL, `updated_at` datetime NOT NULL) ENGINE=InnoDB[0m
  [1m[35m (0.3ms)[0m  BEGIN
  [1m[36mSQL (0.5ms)[0m  [1mINSERT INTO `schema_migrations` (`version`) VALUES ('20150428055009')[0m
  [1m[35m (40.1ms)[0m  COMMIT
  [1m[36mActiveRecord::SchemaMigration Load (0.5ms)[0m  [1mSELECT `schema_migrations`.* FROM `schema_migrations`[0m
  [1m[35m (0.5ms)[0m  SELECT fk.referenced_table_name as 'to_table'
      ,fk.referenced_column_name as 'primary_key'
      ,fk.column_name as 'column'
      ,fk.constraint_name as 'name'
FROM information_schema.key_column_usage fk
WHERE fk.referenced_column_name is not null
  AND fk.table_schema = 'back-end_development'
  AND fk.table_name = 'tasks'

  [1m[36m (0.3ms)[0m  [1mSHOW CREATE TABLE `tasks`[0m
  [1m[35m (0.5ms)[0m  SELECT fk.referenced_table_name as 'to_table'
      ,fk.referenced_column_name as 'primary_key'
      ,fk.column_name as 'column'
      ,fk.constraint_name as 'name'
FROM information_schema.key_column_usage fk
WHERE fk.referenced_column_name is not null
  AND fk.table_schema = 'back-end_development'
  AND fk.table_name = 'users'

  [1m[36m (0.2ms)[0m  [1mSHOW CREATE TABLE `users`[0m
  [1m[36mActiveRecord::SchemaMigration Load (0.6ms)[0m  [1mSELECT `schema_migrations`.* FROM `schema_migrations`[0m
  [1m[35m (0.3ms)[0m  BEGIN
  [1m[36mSQL (0.6ms)[0m  [1mINSERT INTO `users` (`email`, `password_digest`, `created_at`, `updated_at`) VALUES ('user@example.com', '$2a$10$1WuLrWAneUZ6.QbsxIk/XuxrxyWUnl8R0Q3Iu8.xbK2NDTvl8pqJq', '2015-04-28 06:15:36.779932', '2015-04-28 06:15:36.779932')[0m
  [1m[35m (44.5ms)[0m  COMMIT
  [1m[36m (0.3ms)[0m  [1mBEGIN[0m
  [1m[35mSQL (0.5ms)[0m  INSERT INTO `users` (`email`, `password_digest`, `created_at`, `updated_at`) VALUES ('desiree.douglas@ebert.info', '$2a$10$Tnnm67pmfxp2wmkx28Z2h./vz6Pf4JuzrELcx/1pO5oXiXLvoF3lG', '2015-04-28 06:15:37.447516', '2015-04-28 06:15:37.447516')
  [1m[36m (33.6ms)[0m  [1mCOMMIT[0m
  [1m[35m (0.3ms)[0m  BEGIN
  [1m[36mSQL (0.5ms)[0m  [1mINSERT INTO `users` (`email`, `password_digest`, `created_at`, `updated_at`) VALUES ('kirsten@cronin.org', '$2a$10$fQanTAfZXRf0dQTr.Ea4u.pMTRoW.tDT2eJsyTYk06mgYmhwBPkbC', '2015-04-28 06:15:37.586048', '2015-04-28 06:15:37.586048')[0m
  [1m[35m (41.6ms)[0m  COMMIT
  [1m[36m (0.3ms)[0m  [1mBEGIN[0m
  [1m[35mSQL (0.4ms)[0m  INSERT INTO `users` (`email`, `password_digest`, `created_at`, `updated_at`) VALUES ('cecilia_fadel@jenkinsconroy.info', '$2a$10$u1lJFOphDVMnyM9fCZF5S.opXN2CEIs5B1aBnKH6tc/qPJIYFU4We', '2015-04-28 06:15:37.739038', '2015-04-28 06:15:37.739038')
  [1m[36m (33.3ms)[0m  [1mCOMMIT[0m
  [1m[35m (0.3ms)[0m  BEGIN
  [1m[36mSQL (0.5ms)[0m  [1mINSERT INTO `users` (`email`, `password_digest`, `created_at`, `updated_at`) VALUES ('dorothy@wehner.net', '$2a$10$8WDwSDoRK2bg3ec45IgZ5ebWkK0iL74XEwsAZ3vxvL5cVa4BjuZEW', '2015-04-28 06:15:37.875317', '2015-04-28 06:15:37.875317')[0m
  [1m[35m (30.3ms)[0m  COMMIT
  [1m[36m (0.3ms)[0m  [1mBEGIN[0m
  [1m[35mSQL (0.5ms)[0m  INSERT INTO `users` (`email`, `password_digest`, `created_at`, `updated_at`) VALUES ('marc.abbott@braun.biz', '$2a$10$C34fJUGRpIGbliCaNIQ/ZuyNprHoWF.6i5tFws.2g5jMmUMPxbRkq', '2015-04-28 06:15:38.008777', '2015-04-28 06:15:38.008777')
  [1m[36m (30.3ms)[0m  [1mCOMMIT[0m
  [1m[35mUser Load (0.6ms)[0m  SELECT `users`.* FROM `users`
  [1m[36m (0.1ms)[0m  [1mBEGIN[0m
  [1m[35mSQL (11.1ms)[0m  INSERT INTO `tasks` (`description`, `user_id`, `created_at`, `updated_at`) VALUES ('voluptatibus', 1, '2015-04-28 06:15:38.071097', '2015-04-28 06:15:38.071097')
  [1m[36m (46.1ms)[0m  [1mCOMMIT[0m
  [1m[35m (0.2ms)[0m  BEGIN
  [1m[36mSQL (0.4ms)[0m  [1mINSERT INTO `tasks` (`description`, `user_id`, `created_at`, `updated_at`) VALUES ('temporibus', 1, '2015-04-28 06:15:38.132120', '2015-04-28 06:15:38.132120')[0m
  [1m[35m (29.3ms)[0m  COMMIT
  [1m[36m (0.3ms)[0m  [1mBEGIN[0m
  [1m[35mSQL (0.5ms)[0m  INSERT INTO `tasks` (`description`, `user_id`, `created_at`, `updated_at`) VALUES ('modi', 1, '2015-04-28 06:15:38.164893', '2015-04-28 06:15:38.164893')
  [1m[36m (30.3ms)[0m  [1mCOMMIT[0m
  [1m[35m (0.3ms)[0m  BEGIN
  [1m[36mSQL (0.3ms)[0m  [1mINSERT INTO `tasks` (`description`, `user_id`, `created_at`, `updated_at`) VALUES ('quae', 2, '2015-04-28 06:15:38.199252', '2015-04-28 06:15:38.199252')[0m
  [1m[35m (28.8ms)[0m  COMMIT
  [1m[36m (0.1ms)[0m  [1mBEGIN[0m
  [1m[35mSQL (0.5ms)[0m  INSERT INTO `tasks` (`description`, `user_id`, `created_at`, `updated_at`) VALUES ('qui', 2, '2015-04-28 06:15:38.233339', '2015-04-28 06:15:38.233339')
  [1m[36m (27.2ms)[0m  [1mCOMMIT[0m
  [1m[35m (0.3ms)[0m  BEGIN
  [1m[36mSQL (0.3ms)[0m  [1mINSERT INTO `tasks` (`description`, `user_id`, `created_at`, `updated_at`) VALUES ('sint', 2, '2015-04-28 06:15:38.267006', '2015-04-28 06:15:38.267006')[0m
  [1m[35m (27.4ms)[0m  COMMIT
  [1m[36m (0.2ms)[0m  [1mBEGIN[0m
  [1m[35mSQL (0.3ms)[0m  INSERT INTO `tasks` (`description`, `user_id`, `created_at`, `updated_at`) VALUES ('dolore', 3, '2015-04-28 06:15:38.299470', '2015-04-28 06:15:38.299470')
  [1m[36m (29.3ms)[0m  [1mCOMMIT[0m
  [1m[35m (0.1ms)[0m  BEGIN
  [1m[36mSQL (0.5ms)[0m  [1mINSERT INTO `tasks` (`description`, `user_id`, `created_at`, `updated_at`) VALUES ('reiciendis', 3, '2015-04-28 06:15:38.333746', '2015-04-28 06:15:38.333746')[0m
  [1m[35m (27.2ms)[0m  COMMIT
  [1m[36m (0.4ms)[0m  [1mBEGIN[0m
  [1m[35mSQL (0.5ms)[0m  INSERT INTO `tasks` (`description`, `user_id`, `created_at`, `updated_at`) VALUES ('sit', 3, '2015-04-28 06:15:38.367485', '2015-04-28 06:15:38.367485')
  [1m[36m (27.1ms)[0m  [1mCOMMIT[0m
  [1m[35m (0.4ms)[0m  BEGIN
  [1m[36mSQL (0.5ms)[0m  [1mINSERT INTO `tasks` (`description`, `user_id`, `created_at`, `updated_at`) VALUES ('quas', 4, '2015-04-28 06:15:38.401705', '2015-04-28 06:15:38.401705')[0m
  [1m[35m (26.1ms)[0m  COMMIT
  [1m[36m (0.1ms)[0m  [1mBEGIN[0m
  [1m[35mSQL (0.5ms)[0m  INSERT INTO `tasks` (`description`, `user_id`, `created_at`, `updated_at`) VALUES ('sunt', 4, '2015-04-28 06:15:38.434011', '2015-04-28 06:15:38.434011')
  [1m[36m (27.3ms)[0m  [1mCOMMIT[0m
  [1m[35m (0.2ms)[0m  BEGIN
  [1m[36mSQL (0.3ms)[0m  [1mINSERT INTO `tasks` (`description`, `user_id`, `created_at`, `updated_at`) VALUES ('aut', 4, '2015-04-28 06:15:38.465919', '2015-04-28 06:15:38.465919')[0m
  [1m[35m (30.6ms)[0m  COMMIT
  [1m[36m (0.2ms)[0m  [1mBEGIN[0m
  [1m[35mSQL (0.3ms)[0m  INSERT INTO `tasks` (`description`, `user_id`, `created_at`, `updated_at`) VALUES ('commodi', 5, '2015-04-28 06:15:38.499590', '2015-04-28 06:15:38.499590')
  [1m[36m (30.5ms)[0m  [1mCOMMIT[0m
  [1m[35m (0.3ms)[0m  BEGIN
  [1m[36mSQL (0.4ms)[0m  [1mINSERT INTO `tasks` (`description`, `user_id`, `created_at`, `updated_at`) VALUES ('et', 5, '2015-04-28 06:15:38.534594', '2015-04-28 06:15:38.534594')[0m
  [1m[35m (27.4ms)[0m  COMMIT
  [1m[36m (0.4ms)[0m  [1mBEGIN[0m
  [1m[35mSQL (0.6ms)[0m  INSERT INTO `tasks` (`description`, `user_id`, `created_at`, `updated_at`) VALUES ('ratione', 5, '2015-04-28 06:15:38.568388', '2015-04-28 06:15:38.568388')
  [1m[36m (26.5ms)[0m  [1mCOMMIT[0m
  [1m[35m (0.3ms)[0m  BEGIN
  [1m[36mSQL (0.5ms)[0m  [1mINSERT INTO `tasks` (`description`, `user_id`, `created_at`, `updated_at`) VALUES ('amet', 6, '2015-04-28 06:15:38.601540', '2015-04-28 06:15:38.601540')[0m
  [1m[35m (28.6ms)[0m  COMMIT
  [1m[36m (0.3ms)[0m  [1mBEGIN[0m
  [1m[35mSQL (0.5ms)[0m  INSERT INTO `tasks` (`description`, `user_id`, `created_at`, `updated_at`) VALUES ('magnam', 6, '2015-04-28 06:15:38.633405', '2015-04-28 06:15:38.633405')
  [1m[36m (30.2ms)[0m  [1mCOMMIT[0m
  [1m[35m (0.3ms)[0m  BEGIN
  [1m[36mSQL (0.5ms)[0m  [1mINSERT INTO `tasks` (`description`, `user_id`, `created_at`, `updated_at`) VALUES ('velit', 6, '2015-04-28 06:15:38.666827', '2015-04-28 06:15:38.666827')[0m
  [1m[35m (30.3ms)[0m  COMMIT


Started GET "/" for 127.0.0.1 at 2015-04-28 09:25:21 +0300
  [1m[36mActiveRecord::SchemaMigration Load (0.5ms)[0m  [1mSELECT `schema_migrations`.* FROM `schema_migrations`[0m
Processing by Rails::WelcomeController#index as HTML
  Rendered /home/serge/.rvm/gems/ruby-2.1.3/gems/railties-4.2.0/lib/rails/templates/rails/welcome/index.html.erb (1.9ms)
Completed 200 OK in 80ms (Views: 56.1ms | ActiveRecord: 0.0ms)


Started GET "/api/users/tasks" for 127.0.0.1 at 2015-04-28 09:42:49 +0300
  [1m[36mActiveRecord::SchemaMigration Load (0.6ms)[0m  [1mSELECT `schema_migrations`.* FROM `schema_migrations`[0m

ActionController::RoutingError (No route matches [GET] "/api/users/tasks"):
  actionpack (4.2.0) lib/action_dispatch/middleware/debug_exceptions.rb:21:in `call'
  web-console (2.1.2) lib/web_console/middleware.rb:37:in `call'
  actionpack (4.2.0) lib/action_dispatch/middleware/show_exceptions.rb:30:in `call'
  railties (4.2.0) lib/rails/rack/logger.rb:38:in `call_app'
  railties (4.2.0) lib/rails/rack/logger.rb:20:in `block in call'
  activesupport (4.2.0) lib/active_support/tagged_logging.rb:68:in `block in tagged'
  activesupport (4.2.0) lib/active_support/tagged_logging.rb:26:in `tagged'
  activesupport (4.2.0) lib/active_support/tagged_logging.rb:68:in `tagged'
  railties (4.2.0) lib/rails/rack/logger.rb:20:in `call'
  actionpack (4.2.0) lib/action_dispatch/middleware/request_id.rb:21:in `call'
  rack (1.6.0) lib/rack/methodoverride.rb:22:in `call'
  rack (1.6.0) lib/rack/runtime.rb:18:in `call'
  activesupport (4.2.0) lib/active_support/cache/strategy/local_cache_middleware.rb:28:in `call'
  rack (1.6.0) lib/rack/lock.rb:17:in `call'
  actionpack (4.2.0) lib/action_dispatch/middleware/static.rb:113:in `call'
  rack (1.6.0) lib/rack/sendfile.rb:113:in `call'
  railties (4.2.0) lib/rails/engine.rb:518:in `call'
  railties (4.2.0) lib/rails/application.rb:164:in `call'
  rack (1.6.0) lib/rack/lock.rb:17:in `call'
  rack (1.6.0) lib/rack/content_length.rb:15:in `call'
  rack (1.6.0) lib/rack/handler/webrick.rb:89:in `service'
  /home/serge/.rvm/rubies/ruby-2.1.3/lib/ruby/2.1.0/webrick/httpserver.rb:138:in `service'
  /home/serge/.rvm/rubies/ruby-2.1.3/lib/ruby/2.1.0/webrick/httpserver.rb:94:in `run'
  /home/serge/.rvm/rubies/ruby-2.1.3/lib/ruby/2.1.0/webrick/server.rb:295:in `block in start_thread'


  Rendered /home/serge/.rvm/gems/ruby-2.1.3/gems/actionpack-4.2.0/lib/action_dispatch/middleware/templates/rescues/_trace.html.erb (1.7ms)
  Rendered /home/serge/.rvm/gems/ruby-2.1.3/gems/actionpack-4.2.0/lib/action_dispatch/middleware/templates/routes/_route.html.erb (1.2ms)
  Rendered /home/serge/.rvm/gems/ruby-2.1.3/gems/actionpack-4.2.0/lib/action_dispatch/middleware/templates/routes/_table.html.erb (82.6ms)
  Rendered /home/serge/.rvm/gems/ruby-2.1.3/gems/actionpack-4.2.0/lib/action_dispatch/middleware/templates/rescues/_request_and_response.html.erb (11.4ms)
  Rendered /home/serge/.rvm/gems/ruby-2.1.3/gems/actionpack-4.2.0/lib/action_dispatch/middleware/templates/rescues/routing_error.html.erb within rescues/layout (129.6ms)
  Rendered /home/serge/.rvm/gems/ruby-2.1.3/gems/web-console-2.1.2/lib/web_console/templates/_markup.html.erb (0.4ms)
  Rendered /home/serge/.rvm/gems/ruby-2.1.3/gems/web-console-2.1.2/lib/web_console/templates/style.css.erb within layouts/inlined_string (0.3ms)
  Rendered /home/serge/.rvm/gems/ruby-2.1.3/gems/web-console-2.1.2/lib/web_console/templates/_inner_console_markup.html.erb within layouts/inlined_string (0.4ms)
  Rendered /home/serge/.rvm/gems/ruby-2.1.3/gems/web-console-2.1.2/lib/web_console/templates/_prompt_box_markup.html.erb within layouts/inlined_string (0.4ms)
  Rendered /home/serge/.rvm/gems/ruby-2.1.3/gems/web-console-2.1.2/lib/web_console/templates/console.js.erb within layouts/javascript (19.7ms)
  Rendered /home/serge/.rvm/gems/ruby-2.1.3/gems/web-console-2.1.2/lib/web_console/templates/main.js.erb within layouts/javascript (0.3ms)
  Rendered /home/serge/.rvm/gems/ruby-2.1.3/gems/web-console-2.1.2/lib/web_console/templates/error_page.js.erb within layouts/javascript (0.5ms)
  Rendered /home/serge/.rvm/gems/ruby-2.1.3/gems/web-console-2.1.2/lib/web_console/templates/index.html.erb (36.8ms)


Started GET "/api/users/tasks" for 127.0.0.1 at 2015-04-28 09:43:01 +0300

ActionController::RoutingError (No route matches [GET] "/api/users/tasks"):
  actionpack (4.2.0) lib/action_dispatch/middleware/debug_exceptions.rb:21:in `call'
  web-console (2.1.2) lib/web_console/middleware.rb:37:in `call'
  actionpack (4.2.0) lib/action_dispatch/middleware/show_exceptions.rb:30:in `call'
  railties (4.2.0) lib/rails/rack/logger.rb:38:in `call_app'
  railties (4.2.0) lib/rails/rack/logger.rb:20:in `block in call'
  activesupport (4.2.0) lib/active_support/tagged_logging.rb:68:in `block in tagged'
  activesupport (4.2.0) lib/active_support/tagged_logging.rb:26:in `tagged'
  activesupport (4.2.0) lib/active_support/tagged_logging.rb:68:in `tagged'
  railties (4.2.0) lib/rails/rack/logger.rb:20:in `call'
  actionpack (4.2.0) lib/action_dispatch/middleware/request_id.rb:21:in `call'
  rack (1.6.0) lib/rack/methodoverride.rb:22:in `call'
  rack (1.6.0) lib/rack/runtime.rb:18:in `call'
  activesupport (4.2.0) lib/active_support/cache/strategy/local_cache_middleware.rb:28:in `call'
  rack (1.6.0) lib/rack/lock.rb:17:in `call'
  actionpack (4.2.0) lib/action_dispatch/middleware/static.rb:113:in `call'
  rack (1.6.0) lib/rack/sendfile.rb:113:in `call'
  railties (4.2.0) lib/rails/engine.rb:518:in `call'
  railties (4.2.0) lib/rails/application.rb:164:in `call'
  rack (1.6.0) lib/rack/lock.rb:17:in `call'
  rack (1.6.0) lib/rack/content_length.rb:15:in `call'
  rack (1.6.0) lib/rack/handler/webrick.rb:89:in `service'
  /home/serge/.rvm/rubies/ruby-2.1.3/lib/ruby/2.1.0/webrick/httpserver.rb:138:in `service'
  /home/serge/.rvm/rubies/ruby-2.1.3/lib/ruby/2.1.0/webrick/httpserver.rb:94:in `run'
  /home/serge/.rvm/rubies/ruby-2.1.3/lib/ruby/2.1.0/webrick/server.rb:295:in `block in start_thread'


  Rendered /home/serge/.rvm/gems/ruby-2.1.3/gems/actionpack-4.2.0/lib/action_dispatch/middleware/templates/rescues/_trace.html.erb (2.3ms)
  Rendered /home/serge/.rvm/gems/ruby-2.1.3/gems/actionpack-4.2.0/lib/action_dispatch/middleware/templates/routes/_route.html.erb (1.3ms)
  Rendered /home/serge/.rvm/gems/ruby-2.1.3/gems/actionpack-4.2.0/lib/action_dispatch/middleware/templates/routes/_table.html.erb (1.6ms)
  Rendered /home/serge/.rvm/gems/ruby-2.1.3/gems/actionpack-4.2.0/lib/action_dispatch/middleware/templates/rescues/_request_and_response.html.erb (1.3ms)
  Rendered /home/serge/.rvm/gems/ruby-2.1.3/gems/actionpack-4.2.0/lib/action_dispatch/middleware/templates/rescues/routing_error.html.erb within rescues/layout (27.2ms)
  Rendered /home/serge/.rvm/gems/ruby-2.1.3/gems/web-console-2.1.2/lib/web_console/templates/_markup.html.erb (0.7ms)
  Rendered /home/serge/.rvm/gems/ruby-2.1.3/gems/web-console-2.1.2/lib/web_console/templates/style.css.erb within layouts/inlined_string (0.4ms)
  Rendered /home/serge/.rvm/gems/ruby-2.1.3/gems/web-console-2.1.2/lib/web_console/templates/_inner_console_markup.html.erb within layouts/inlined_string (0.3ms)
  Rendered /home/serge/.rvm/gems/ruby-2.1.3/gems/web-console-2.1.2/lib/web_console/templates/_prompt_box_markup.html.erb within layouts/inlined_string (0.4ms)
  Rendered /home/serge/.rvm/gems/ruby-2.1.3/gems/web-console-2.1.2/lib/web_console/templates/console.js.erb within layouts/javascript (15.2ms)
  Rendered /home/serge/.rvm/gems/ruby-2.1.3/gems/web-console-2.1.2/lib/web_console/templates/main.js.erb within layouts/javascript (0.3ms)
  Rendered /home/serge/.rvm/gems/ruby-2.1.3/gems/web-console-2.1.2/lib/web_console/templates/error_page.js.erb within layouts/javascript (0.5ms)
  Rendered /home/serge/.rvm/gems/ruby-2.1.3/gems/web-console-2.1.2/lib/web_console/templates/index.html.erb (31.0ms)


Started GET "/api/users/tasks" for 127.0.0.1 at 2015-04-28 09:43:20 +0300

ActionController::RoutingError (No route matches [GET] "/api/users/tasks"):
  actionpack (4.2.0) lib/action_dispatch/middleware/debug_exceptions.rb:21:in `call'
  web-console (2.1.2) lib/web_console/middleware.rb:37:in `call'
  actionpack (4.2.0) lib/action_dispatch/middleware/show_exceptions.rb:30:in `call'
  railties (4.2.0) lib/rails/rack/logger.rb:38:in `call_app'
  railties (4.2.0) lib/rails/rack/logger.rb:20:in `block in call'
  activesupport (4.2.0) lib/active_support/tagged_logging.rb:68:in `block in tagged'
  activesupport (4.2.0) lib/active_support/tagged_logging.rb:26:in `tagged'
  activesupport (4.2.0) lib/active_support/tagged_logging.rb:68:in `tagged'
  railties (4.2.0) lib/rails/rack/logger.rb:20:in `call'
  actionpack (4.2.0) lib/action_dispatch/middleware/request_id.rb:21:in `call'
  rack (1.6.0) lib/rack/methodoverride.rb:22:in `call'
  rack (1.6.0) lib/rack/runtime.rb:18:in `call'
  activesupport (4.2.0) lib/active_support/cache/strategy/local_cache_middleware.rb:28:in `call'
  rack (1.6.0) lib/rack/lock.rb:17:in `call'
  actionpack (4.2.0) lib/action_dispatch/middleware/static.rb:113:in `call'
  rack (1.6.0) lib/rack/sendfile.rb:113:in `call'
  railties (4.2.0) lib/rails/engine.rb:518:in `call'
  railties (4.2.0) lib/rails/application.rb:164:in `call'
  rack (1.6.0) lib/rack/lock.rb:17:in `call'
  rack (1.6.0) lib/rack/content_length.rb:15:in `call'
  rack (1.6.0) lib/rack/handler/webrick.rb:89:in `service'
  /home/serge/.rvm/rubies/ruby-2.1.3/lib/ruby/2.1.0/webrick/httpserver.rb:138:in `service'
  /home/serge/.rvm/rubies/ruby-2.1.3/lib/ruby/2.1.0/webrick/httpserver.rb:94:in `run'
  /home/serge/.rvm/rubies/ruby-2.1.3/lib/ruby/2.1.0/webrick/server.rb:295:in `block in start_thread'


  Rendered /home/serge/.rvm/gems/ruby-2.1.3/gems/actionpack-4.2.0/lib/action_dispatch/middleware/templates/rescues/_trace.html.erb (2.1ms)
  Rendered /home/serge/.rvm/gems/ruby-2.1.3/gems/actionpack-4.2.0/lib/action_dispatch/middleware/templates/routes/_route.html.erb (1.2ms)
  Rendered /home/serge/.rvm/gems/ruby-2.1.3/gems/actionpack-4.2.0/lib/action_dispatch/middleware/templates/routes/_table.html.erb (1.6ms)
  Rendered /home/serge/.rvm/gems/ruby-2.1.3/gems/actionpack-4.2.0/lib/action_dispatch/middleware/templates/rescues/_request_and_response.html.erb (1.9ms)
  Rendered /home/serge/.rvm/gems/ruby-2.1.3/gems/actionpack-4.2.0/lib/action_dispatch/middleware/templates/rescues/routing_error.html.erb within rescues/layout (25.9ms)
  Rendered /home/serge/.rvm/gems/ruby-2.1.3/gems/web-console-2.1.2/lib/web_console/templates/_markup.html.erb (0.4ms)
  Rendered /home/serge/.rvm/gems/ruby-2.1.3/gems/web-console-2.1.2/lib/web_console/templates/style.css.erb within layouts/inlined_string (0.5ms)
  Rendered /home/serge/.rvm/gems/ruby-2.1.3/gems/web-console-2.1.2/lib/web_console/templates/_inner_console_markup.html.erb within layouts/inlined_string (0.3ms)
  Rendered /home/serge/.rvm/gems/ruby-2.1.3/gems/web-console-2.1.2/lib/web_console/templates/_prompt_box_markup.html.erb within layouts/inlined_string (0.3ms)
  Rendered /home/serge/.rvm/gems/ruby-2.1.3/gems/web-console-2.1.2/lib/web_console/templates/console.js.erb within layouts/javascript (14.6ms)
  Rendered /home/serge/.rvm/gems/ruby-2.1.3/gems/web-console-2.1.2/lib/web_console/templates/main.js.erb within layouts/javascript (0.4ms)
  Rendered /home/serge/.rvm/gems/ruby-2.1.3/gems/web-console-2.1.2/lib/web_console/templates/error_page.js.erb within layouts/javascript (0.5ms)
  Rendered /home/serge/.rvm/gems/ruby-2.1.3/gems/web-console-2.1.2/lib/web_console/templates/index.html.erb (31.4ms)


Started GET "/api/users/tasks" for 127.0.0.1 at 2015-04-28 09:45:45 +0300

ActionController::RoutingError (No route matches [GET] "/api/users/tasks"):
  actionpack (4.2.0) lib/action_dispatch/middleware/debug_exceptions.rb:21:in `call'
  web-console (2.1.2) lib/web_console/middleware.rb:37:in `call'
  actionpack (4.2.0) lib/action_dispatch/middleware/show_exceptions.rb:30:in `call'
  railties (4.2.0) lib/rails/rack/logger.rb:38:in `call_app'
  railties (4.2.0) lib/rails/rack/logger.rb:20:in `block in call'
  activesupport (4.2.0) lib/active_support/tagged_logging.rb:68:in `block in tagged'
  activesupport (4.2.0) lib/active_support/tagged_logging.rb:26:in `tagged'
  activesupport (4.2.0) lib/active_support/tagged_logging.rb:68:in `tagged'
  railties (4.2.0) lib/rails/rack/logger.rb:20:in `call'
  actionpack (4.2.0) lib/action_dispatch/middleware/request_id.rb:21:in `call'
  rack (1.6.0) lib/rack/methodoverride.rb:22:in `call'
  rack (1.6.0) lib/rack/runtime.rb:18:in `call'
  activesupport (4.2.0) lib/active_support/cache/strategy/local_cache_middleware.rb:28:in `call'
  rack (1.6.0) lib/rack/lock.rb:17:in `call'
  actionpack (4.2.0) lib/action_dispatch/middleware/static.rb:113:in `call'
  rack (1.6.0) lib/rack/sendfile.rb:113:in `call'
  railties (4.2.0) lib/rails/engine.rb:518:in `call'
  railties (4.2.0) lib/rails/application.rb:164:in `call'
  rack (1.6.0) lib/rack/lock.rb:17:in `call'
  rack (1.6.0) lib/rack/content_length.rb:15:in `call'
  rack (1.6.0) lib/rack/handler/webrick.rb:89:in `service'
  /home/serge/.rvm/rubies/ruby-2.1.3/lib/ruby/2.1.0/webrick/httpserver.rb:138:in `service'
  /home/serge/.rvm/rubies/ruby-2.1.3/lib/ruby/2.1.0/webrick/httpserver.rb:94:in `run'
  /home/serge/.rvm/rubies/ruby-2.1.3/lib/ruby/2.1.0/webrick/server.rb:295:in `block in start_thread'


  Rendered /home/serge/.rvm/gems/ruby-2.1.3/gems/actionpack-4.2.0/lib/action_dispatch/middleware/templates/rescues/_trace.html.erb (5.9ms)
  Rendered /home/serge/.rvm/gems/ruby-2.1.3/gems/actionpack-4.2.0/lib/action_dispatch/middleware/templates/routes/_route.html.erb (1.2ms)
  Rendered /home/serge/.rvm/gems/ruby-2.1.3/gems/actionpack-4.2.0/lib/action_dispatch/middleware/templates/routes/_table.html.erb (1.5ms)
  Rendered /home/serge/.rvm/gems/ruby-2.1.3/gems/actionpack-4.2.0/lib/action_dispatch/middleware/templates/rescues/_request_and_response.html.erb (1.8ms)
  Rendered /home/serge/.rvm/gems/ruby-2.1.3/gems/actionpack-4.2.0/lib/action_dispatch/middleware/templates/rescues/routing_error.html.erb within rescues/layout (54.0ms)
  Rendered /home/serge/.rvm/gems/ruby-2.1.3/gems/web-console-2.1.2/lib/web_console/templates/_markup.html.erb (0.5ms)
  Rendered /home/serge/.rvm/gems/ruby-2.1.3/gems/web-console-2.1.2/lib/web_console/templates/style.css.erb within layouts/inlined_string (0.4ms)
  Rendered /home/serge/.rvm/gems/ruby-2.1.3/gems/web-console-2.1.2/lib/web_console/templates/_inner_console_markup.html.erb within layouts/inlined_string (0.5ms)
  Rendered /home/serge/.rvm/gems/ruby-2.1.3/gems/web-console-2.1.2/lib/web_console/templates/_prompt_box_markup.html.erb within layouts/inlined_string (0.4ms)
  Rendered /home/serge/.rvm/gems/ruby-2.1.3/gems/web-console-2.1.2/lib/web_console/templates/console.js.erb within layouts/javascript (22.1ms)
  Rendered /home/serge/.rvm/gems/ruby-2.1.3/gems/web-console-2.1.2/lib/web_console/templates/main.js.erb within layouts/javascript (0.4ms)
  Rendered /home/serge/.rvm/gems/ruby-2.1.3/gems/web-console-2.1.2/lib/web_console/templates/error_page.js.erb within layouts/javascript (0.6ms)
  Rendered /home/serge/.rvm/gems/ruby-2.1.3/gems/web-console-2.1.2/lib/web_console/templates/index.html.erb (55.7ms)


Started GET "/api/users/1/tasks" for 127.0.0.1 at 2015-04-28 09:45:46 +0300
Processing by Api::TasksController#index as HTML
  Parameters: {"user_id"=>"1"}
  [1m[35mUser Load (4.0ms)[0m  SELECT  `users`.* FROM `users` WHERE `users`.`id` = 1 LIMIT 1
  [1m[36mTask Load (0.3ms)[0m  [1mSELECT `tasks`.* FROM `tasks` WHERE `tasks`.`user_id` = 1[0m
Completed 200 OK in 66ms (Views: 19.5ms | ActiveRecord: 6.6ms)


Started GET "/api/users/2/tasks" for 127.0.0.1 at 2015-04-28 09:46:00 +0300
Processing by Api::TasksController#index as HTML
  Parameters: {"user_id"=>"2"}
  [1m[35mUser Load (0.5ms)[0m  SELECT  `users`.* FROM `users` WHERE `users`.`id` = 2 LIMIT 1
  [1m[36mTask Load (0.4ms)[0m  [1mSELECT `tasks`.* FROM `tasks` WHERE `tasks`.`user_id` = 2[0m
Completed 200 OK in 5ms (Views: 2.1ms | ActiveRecord: 0.9ms)


Started GET "/api/users/3/tasks" for 127.0.0.1 at 2015-04-28 09:46:07 +0300
Processing by Api::TasksController#index as HTML
  Parameters: {"user_id"=>"3"}
  [1m[35mUser Load (0.4ms)[0m  SELECT  `users`.* FROM `users` WHERE `users`.`id` = 3 LIMIT 1
  [1m[36mTask Load (0.3ms)[0m  [1mSELECT `tasks`.* FROM `tasks` WHERE `tasks`.`user_id` = 3[0m
Completed 200 OK in 4ms (Views: 1.9ms | ActiveRecord: 0.7ms)


Started GET "/api/users/tasks" for 127.0.0.1 at 2015-04-28 09:48:43 +0300

ActionController::RoutingError (No route matches [GET] "/api/users/tasks"):
  actionpack (4.2.0) lib/action_dispatch/middleware/debug_exceptions.rb:21:in `call'
  web-console (2.1.2) lib/web_console/middleware.rb:37:in `call'
  actionpack (4.2.0) lib/action_dispatch/middleware/show_exceptions.rb:30:in `call'
  railties (4.2.0) lib/rails/rack/logger.rb:38:in `call_app'
  railties (4.2.0) lib/rails/rack/logger.rb:20:in `block in call'
  activesupport (4.2.0) lib/active_support/tagged_logging.rb:68:in `block in tagged'
  activesupport (4.2.0) lib/active_support/tagged_logging.rb:26:in `tagged'
  activesupport (4.2.0) lib/active_support/tagged_logging.rb:68:in `tagged'
  railties (4.2.0) lib/rails/rack/logger.rb:20:in `call'
  actionpack (4.2.0) lib/action_dispatch/middleware/request_id.rb:21:in `call'
  rack (1.6.0) lib/rack/methodoverride.rb:22:in `call'
  rack (1.6.0) lib/rack/runtime.rb:18:in `call'
  activesupport (4.2.0) lib/active_support/cache/strategy/local_cache_middleware.rb:28:in `call'
  rack (1.6.0) lib/rack/lock.rb:17:in `call'
  actionpack (4.2.0) lib/action_dispatch/middleware/static.rb:113:in `call'
  rack (1.6.0) lib/rack/sendfile.rb:113:in `call'
  railties (4.2.0) lib/rails/engine.rb:518:in `call'
  railties (4.2.0) lib/rails/application.rb:164:in `call'
  rack (1.6.0) lib/rack/lock.rb:17:in `call'
  rack (1.6.0) lib/rack/content_length.rb:15:in `call'
  rack (1.6.0) lib/rack/handler/webrick.rb:89:in `service'
  /home/serge/.rvm/rubies/ruby-2.1.3/lib/ruby/2.1.0/webrick/httpserver.rb:138:in `service'
  /home/serge/.rvm/rubies/ruby-2.1.3/lib/ruby/2.1.0/webrick/httpserver.rb:94:in `run'
  /home/serge/.rvm/rubies/ruby-2.1.3/lib/ruby/2.1.0/webrick/server.rb:295:in `block in start_thread'


  Rendered /home/serge/.rvm/gems/ruby-2.1.3/gems/actionpack-4.2.0/lib/action_dispatch/middleware/templates/rescues/_trace.html.erb (2.7ms)
  Rendered /home/serge/.rvm/gems/ruby-2.1.3/gems/actionpack-4.2.0/lib/action_dispatch/middleware/templates/routes/_route.html.erb (1.4ms)
  Rendered /home/serge/.rvm/gems/ruby-2.1.3/gems/actionpack-4.2.0/lib/action_dispatch/middleware/templates/routes/_table.html.erb (22.2ms)
  Rendered /home/serge/.rvm/gems/ruby-2.1.3/gems/actionpack-4.2.0/lib/action_dispatch/middleware/templates/rescues/_request_and_response.html.erb (1.3ms)
  Rendered /home/serge/.rvm/gems/ruby-2.1.3/gems/actionpack-4.2.0/lib/action_dispatch/middleware/templates/rescues/routing_error.html.erb within rescues/layout (74.7ms)
  Rendered /home/serge/.rvm/gems/ruby-2.1.3/gems/web-console-2.1.2/lib/web_console/templates/_markup.html.erb (0.6ms)
  Rendered /home/serge/.rvm/gems/ruby-2.1.3/gems/web-console-2.1.2/lib/web_console/templates/style.css.erb within layouts/inlined_string (0.4ms)
  Rendered /home/serge/.rvm/gems/ruby-2.1.3/gems/web-console-2.1.2/lib/web_console/templates/_inner_console_markup.html.erb within layouts/inlined_string (0.4ms)
  Rendered /home/serge/.rvm/gems/ruby-2.1.3/gems/web-console-2.1.2/lib/web_console/templates/_prompt_box_markup.html.erb within layouts/inlined_string (0.5ms)
  Rendered /home/serge/.rvm/gems/ruby-2.1.3/gems/web-console-2.1.2/lib/web_console/templates/console.js.erb within layouts/javascript (31.8ms)
  Rendered /home/serge/.rvm/gems/ruby-2.1.3/gems/web-console-2.1.2/lib/web_console/templates/main.js.erb within layouts/javascript (0.5ms)
  Rendered /home/serge/.rvm/gems/ruby-2.1.3/gems/web-console-2.1.2/lib/web_console/templates/error_page.js.erb within layouts/javascript (0.5ms)
  Rendered /home/serge/.rvm/gems/ruby-2.1.3/gems/web-console-2.1.2/lib/web_console/templates/index.html.erb (106.0ms)


Started GET "/api/users/3/tasks" for 127.0.0.1 at 2015-04-28 09:48:44 +0300
Processing by Api::TasksController#index as HTML
  Parameters: {"user_id"=>"3"}
  [1m[35mUser Load (0.3ms)[0m  SELECT  `users`.* FROM `users` WHERE `users`.`id` = 3 LIMIT 1
  [1m[36mTask Load (0.3ms)[0m  [1mSELECT `tasks`.* FROM `tasks` WHERE `tasks`.`user_id` = 3[0m
Completed 200 OK in 4ms (Views: 1.5ms | ActiveRecord: 0.6ms)


Started GET "/api/users/3/tasks" for 127.0.0.1 at 2015-04-28 09:48:44 +0300
Processing by Api::TasksController#index as HTML
  Parameters: {"user_id"=>"3"}
  [1m[35mUser Load (0.3ms)[0m  SELECT  `users`.* FROM `users` WHERE `users`.`id` = 3 LIMIT 1
  [1m[36mTask Load (0.3ms)[0m  [1mSELECT `tasks`.* FROM `tasks` WHERE `tasks`.`user_id` = 3[0m
Completed 200 OK in 4ms (Views: 1.6ms | ActiveRecord: 0.7ms)


Started GET "/api/users/3/tasks" for 127.0.0.1 at 2015-04-28 09:48:46 +0300
Processing by Api::TasksController#index as HTML
  Parameters: {"user_id"=>"3"}
  [1m[35mUser Load (0.5ms)[0m  SELECT  `users`.* FROM `users` WHERE `users`.`id` = 3 LIMIT 1
  [1m[36mTask Load (2.3ms)[0m  [1mSELECT `tasks`.* FROM `tasks` WHERE `tasks`.`user_id` = 3[0m
Completed 200 OK in 9ms (Views: 4.5ms | ActiveRecord: 2.8ms)


Started GET "/api/users/tasks" for 127.0.0.1 at 2015-04-28 09:49:18 +0300

ActionController::RoutingError (No route matches [GET] "/api/users/tasks"):
  actionpack (4.2.0) lib/action_dispatch/middleware/debug_exceptions.rb:21:in `call'
  web-console (2.1.2) lib/web_console/middleware.rb:37:in `call'
  actionpack (4.2.0) lib/action_dispatch/middleware/show_exceptions.rb:30:in `call'
  railties (4.2.0) lib/rails/rack/logger.rb:38:in `call_app'
  railties (4.2.0) lib/rails/rack/logger.rb:20:in `block in call'
  activesupport (4.2.0) lib/active_support/tagged_logging.rb:68:in `block in tagged'
  activesupport (4.2.0) lib/active_support/tagged_logging.rb:26:in `tagged'
  activesupport (4.2.0) lib/active_support/tagged_logging.rb:68:in `tagged'
  railties (4.2.0) lib/rails/rack/logger.rb:20:in `call'
  actionpack (4.2.0) lib/action_dispatch/middleware/request_id.rb:21:in `call'
  rack (1.6.0) lib/rack/methodoverride.rb:22:in `call'
  rack (1.6.0) lib/rack/runtime.rb:18:in `call'
  activesupport (4.2.0) lib/active_support/cache/strategy/local_cache_middleware.rb:28:in `call'
  rack (1.6.0) lib/rack/lock.rb:17:in `call'
  actionpack (4.2.0) lib/action_dispatch/middleware/static.rb:113:in `call'
  rack (1.6.0) lib/rack/sendfile.rb:113:in `call'
  railties (4.2.0) lib/rails/engine.rb:518:in `call'
  railties (4.2.0) lib/rails/application.rb:164:in `call'
  rack (1.6.0) lib/rack/lock.rb:17:in `call'
  rack (1.6.0) lib/rack/content_length.rb:15:in `call'
  rack (1.6.0) lib/rack/handler/webrick.rb:89:in `service'
  /home/serge/.rvm/rubies/ruby-2.1.3/lib/ruby/2.1.0/webrick/httpserver.rb:138:in `service'
  /home/serge/.rvm/rubies/ruby-2.1.3/lib/ruby/2.1.0/webrick/httpserver.rb:94:in `run'
  /home/serge/.rvm/rubies/ruby-2.1.3/lib/ruby/2.1.0/webrick/server.rb:295:in `block in start_thread'


  Rendered /home/serge/.rvm/gems/ruby-2.1.3/gems/actionpack-4.2.0/lib/action_dispatch/middleware/templates/rescues/_trace.html.erb (1.7ms)
  Rendered /home/serge/.rvm/gems/ruby-2.1.3/gems/actionpack-4.2.0/lib/action_dispatch/middleware/templates/routes/_route.html.erb (1.2ms)
  Rendered /home/serge/.rvm/gems/ruby-2.1.3/gems/actionpack-4.2.0/lib/action_dispatch/middleware/templates/routes/_table.html.erb (1.8ms)
  Rendered /home/serge/.rvm/gems/ruby-2.1.3/gems/actionpack-4.2.0/lib/action_dispatch/middleware/templates/rescues/_request_and_response.html.erb (1.7ms)
  Rendered /home/serge/.rvm/gems/ruby-2.1.3/gems/actionpack-4.2.0/lib/action_dispatch/middleware/templates/rescues/routing_error.html.erb within rescues/layout (42.0ms)
  Rendered /home/serge/.rvm/gems/ruby-2.1.3/gems/web-console-2.1.2/lib/web_console/templates/_markup.html.erb (1.9ms)
  Rendered /home/serge/.rvm/gems/ruby-2.1.3/gems/web-console-2.1.2/lib/web_console/templates/style.css.erb within layouts/inlined_string (0.5ms)
  Rendered /home/serge/.rvm/gems/ruby-2.1.3/gems/web-console-2.1.2/lib/web_console/templates/_inner_console_markup.html.erb within layouts/inlined_string (0.4ms)
  Rendered /home/serge/.rvm/gems/ruby-2.1.3/gems/web-console-2.1.2/lib/web_console/templates/_prompt_box_markup.html.erb within layouts/inlined_string (0.4ms)
  Rendered /home/serge/.rvm/gems/ruby-2.1.3/gems/web-console-2.1.2/lib/web_console/templates/console.js.erb within layouts/javascript (22.0ms)
  Rendered /home/serge/.rvm/gems/ruby-2.1.3/gems/web-console-2.1.2/lib/web_console/templates/main.js.erb within layouts/javascript (2.2ms)
  Rendered /home/serge/.rvm/gems/ruby-2.1.3/gems/web-console-2.1.2/lib/web_console/templates/error_page.js.erb within layouts/javascript (0.7ms)
  Rendered /home/serge/.rvm/gems/ruby-2.1.3/gems/web-console-2.1.2/lib/web_console/templates/index.html.erb (43.1ms)


Started GET "/api/users/3/tasks" for 127.0.0.1 at 2015-04-28 09:49:18 +0300
Processing by Api::TasksController#index as HTML
  Parameters: {"user_id"=>"3"}
  [1m[35mUser Load (0.3ms)[0m  SELECT  `users`.* FROM `users` WHERE `users`.`id` = 3 LIMIT 1
  [1m[36mTask Load (0.8ms)[0m  [1mSELECT `tasks`.* FROM `tasks` WHERE `tasks`.`user_id` = 3[0m
Completed 200 OK in 4ms (Views: 1.5ms | ActiveRecord: 1.1ms)


Started GET "/api/users/tasks" for 127.0.0.1 at 2015-04-28 09:49:27 +0300

ActionController::RoutingError (No route matches [GET] "/api/users/tasks"):
  actionpack (4.2.0) lib/action_dispatch/middleware/debug_exceptions.rb:21:in `call'
  web-console (2.1.2) lib/web_console/middleware.rb:37:in `call'
  actionpack (4.2.0) lib/action_dispatch/middleware/show_exceptions.rb:30:in `call'
  railties (4.2.0) lib/rails/rack/logger.rb:38:in `call_app'
  railties (4.2.0) lib/rails/rack/logger.rb:20:in `block in call'
  activesupport (4.2.0) lib/active_support/tagged_logging.rb:68:in `block in tagged'
  activesupport (4.2.0) lib/active_support/tagged_logging.rb:26:in `tagged'
  activesupport (4.2.0) lib/active_support/tagged_logging.rb:68:in `tagged'
  railties (4.2.0) lib/rails/rack/logger.rb:20:in `call'
  actionpack (4.2.0) lib/action_dispatch/middleware/request_id.rb:21:in `call'
  rack (1.6.0) lib/rack/methodoverride.rb:22:in `call'
  rack (1.6.0) lib/rack/runtime.rb:18:in `call'
  activesupport (4.2.0) lib/active_support/cache/strategy/local_cache_middleware.rb:28:in `call'
  rack (1.6.0) lib/rack/lock.rb:17:in `call'
  actionpack (4.2.0) lib/action_dispatch/middleware/static.rb:113:in `call'
  rack (1.6.0) lib/rack/sendfile.rb:113:in `call'
  railties (4.2.0) lib/rails/engine.rb:518:in `call'
  railties (4.2.0) lib/rails/application.rb:164:in `call'
  rack (1.6.0) lib/rack/lock.rb:17:in `call'
  rack (1.6.0) lib/rack/content_length.rb:15:in `call'
  rack (1.6.0) lib/rack/handler/webrick.rb:89:in `service'
  /home/serge/.rvm/rubies/ruby-2.1.3/lib/ruby/2.1.0/webrick/httpserver.rb:138:in `service'
  /home/serge/.rvm/rubies/ruby-2.1.3/lib/ruby/2.1.0/webrick/httpserver.rb:94:in `run'
  /home/serge/.rvm/rubies/ruby-2.1.3/lib/ruby/2.1.0/webrick/server.rb:295:in `block in start_thread'


  Rendered /home/serge/.rvm/gems/ruby-2.1.3/gems/actionpack-4.2.0/lib/action_dispatch/middleware/templates/rescues/_trace.html.erb (2.9ms)
  Rendered /home/serge/.rvm/gems/ruby-2.1.3/gems/actionpack-4.2.0/lib/action_dispatch/middleware/templates/routes/_route.html.erb (2.4ms)
  Rendered /home/serge/.rvm/gems/ruby-2.1.3/gems/actionpack-4.2.0/lib/action_dispatch/middleware/templates/routes/_table.html.erb (3.9ms)
  Rendered /home/serge/.rvm/gems/ruby-2.1.3/gems/actionpack-4.2.0/lib/action_dispatch/middleware/templates/rescues/_request_and_response.html.erb (1.3ms)
  Rendered /home/serge/.rvm/gems/ruby-2.1.3/gems/actionpack-4.2.0/lib/action_dispatch/middleware/templates/rescues/routing_error.html.erb within rescues/layout (45.1ms)
  Rendered /home/serge/.rvm/gems/ruby-2.1.3/gems/web-console-2.1.2/lib/web_console/templates/_markup.html.erb (0.5ms)
  Rendered /home/serge/.rvm/gems/ruby-2.1.3/gems/web-console-2.1.2/lib/web_console/templates/style.css.erb within layouts/inlined_string (0.8ms)
  Rendered /home/serge/.rvm/gems/ruby-2.1.3/gems/web-console-2.1.2/lib/web_console/templates/_inner_console_markup.html.erb within layouts/inlined_string (0.4ms)
  Rendered /home/serge/.rvm/gems/ruby-2.1.3/gems/web-console-2.1.2/lib/web_console/templates/_prompt_box_markup.html.erb within layouts/inlined_string (0.4ms)
  Rendered /home/serge/.rvm/gems/ruby-2.1.3/gems/web-console-2.1.2/lib/web_console/templates/console.js.erb within layouts/javascript (27.4ms)
  Rendered /home/serge/.rvm/gems/ruby-2.1.3/gems/web-console-2.1.2/lib/web_console/templates/main.js.erb within layouts/javascript (0.4ms)
  Rendered /home/serge/.rvm/gems/ruby-2.1.3/gems/web-console-2.1.2/lib/web_console/templates/error_page.js.erb within layouts/javascript (0.5ms)
  Rendered /home/serge/.rvm/gems/ruby-2.1.3/gems/web-console-2.1.2/lib/web_console/templates/index.html.erb (51.9ms)


Started GET "/api/users/3/tasks" for 127.0.0.1 at 2015-04-28 09:49:27 +0300
Processing by Api::TasksController#index as HTML
  Parameters: {"user_id"=>"3"}
  [1m[35mUser Load (0.5ms)[0m  SELECT  `users`.* FROM `users` WHERE `users`.`id` = 3 LIMIT 1
  [1m[36mTask Load (1.7ms)[0m  [1mSELECT `tasks`.* FROM `tasks` WHERE `tasks`.`user_id` = 3[0m
Completed 200 OK in 6ms (Views: 1.8ms | ActiveRecord: 2.2ms)


Started GET "/api/users/tasks" for 127.0.0.1 at 2015-04-28 09:51:17 +0300

ActionController::RoutingError (No route matches [GET] "/api/users/tasks"):
  actionpack (4.2.0) lib/action_dispatch/middleware/debug_exceptions.rb:21:in `call'
  web-console (2.1.2) lib/web_console/middleware.rb:37:in `call'
  actionpack (4.2.0) lib/action_dispatch/middleware/show_exceptions.rb:30:in `call'
  railties (4.2.0) lib/rails/rack/logger.rb:38:in `call_app'
  railties (4.2.0) lib/rails/rack/logger.rb:20:in `block in call'
  activesupport (4.2.0) lib/active_support/tagged_logging.rb:68:in `block in tagged'
  activesupport (4.2.0) lib/active_support/tagged_logging.rb:26:in `tagged'
  activesupport (4.2.0) lib/active_support/tagged_logging.rb:68:in `tagged'
  railties (4.2.0) lib/rails/rack/logger.rb:20:in `call'
  actionpack (4.2.0) lib/action_dispatch/middleware/request_id.rb:21:in `call'
  rack (1.6.0) lib/rack/methodoverride.rb:22:in `call'
  rack (1.6.0) lib/rack/runtime.rb:18:in `call'
  activesupport (4.2.0) lib/active_support/cache/strategy/local_cache_middleware.rb:28:in `call'
  rack (1.6.0) lib/rack/lock.rb:17:in `call'
  actionpack (4.2.0) lib/action_dispatch/middleware/static.rb:113:in `call'
  rack (1.6.0) lib/rack/sendfile.rb:113:in `call'
  railties (4.2.0) lib/rails/engine.rb:518:in `call'
  railties (4.2.0) lib/rails/application.rb:164:in `call'
  rack (1.6.0) lib/rack/lock.rb:17:in `call'
  rack (1.6.0) lib/rack/content_length.rb:15:in `call'
  rack (1.6.0) lib/rack/handler/webrick.rb:89:in `service'
  /home/serge/.rvm/rubies/ruby-2.1.3/lib/ruby/2.1.0/webrick/httpserver.rb:138:in `service'
  /home/serge/.rvm/rubies/ruby-2.1.3/lib/ruby/2.1.0/webrick/httpserver.rb:94:in `run'
  /home/serge/.rvm/rubies/ruby-2.1.3/lib/ruby/2.1.0/webrick/server.rb:295:in `block in start_thread'


  Rendered /home/serge/.rvm/gems/ruby-2.1.3/gems/actionpack-4.2.0/lib/action_dispatch/middleware/templates/rescues/_trace.html.erb (4.7ms)
  Rendered /home/serge/.rvm/gems/ruby-2.1.3/gems/actionpack-4.2.0/lib/action_dispatch/middleware/templates/routes/_route.html.erb (1.2ms)
  Rendered /home/serge/.rvm/gems/ruby-2.1.3/gems/actionpack-4.2.0/lib/action_dispatch/middleware/templates/routes/_table.html.erb (1.8ms)
  Rendered /home/serge/.rvm/gems/ruby-2.1.3/gems/actionpack-4.2.0/lib/action_dispatch/middleware/templates/rescues/_request_and_response.html.erb (1.5ms)
  Rendered /home/serge/.rvm/gems/ruby-2.1.3/gems/actionpack-4.2.0/lib/action_dispatch/middleware/templates/rescues/routing_error.html.erb within rescues/layout (61.5ms)
  Rendered /home/serge/.rvm/gems/ruby-2.1.3/gems/web-console-2.1.2/lib/web_console/templates/_markup.html.erb (0.5ms)
  Rendered /home/serge/.rvm/gems/ruby-2.1.3/gems/web-console-2.1.2/lib/web_console/templates/style.css.erb within layouts/inlined_string (0.5ms)
  Rendered /home/serge/.rvm/gems/ruby-2.1.3/gems/web-console-2.1.2/lib/web_console/templates/_inner_console_markup.html.erb within layouts/inlined_string (0.4ms)
  Rendered /home/serge/.rvm/gems/ruby-2.1.3/gems/web-console-2.1.2/lib/web_console/templates/_prompt_box_markup.html.erb within layouts/inlined_string (0.5ms)
  Rendered /home/serge/.rvm/gems/ruby-2.1.3/gems/web-console-2.1.2/lib/web_console/templates/console.js.erb within layouts/javascript (25.0ms)
  Rendered /home/serge/.rvm/gems/ruby-2.1.3/gems/web-console-2.1.2/lib/web_console/templates/main.js.erb within layouts/javascript (1.9ms)
  Rendered /home/serge/.rvm/gems/ruby-2.1.3/gems/web-console-2.1.2/lib/web_console/templates/error_page.js.erb within layouts/javascript (0.5ms)
  Rendered /home/serge/.rvm/gems/ruby-2.1.3/gems/web-console-2.1.2/lib/web_console/templates/index.html.erb (53.9ms)


Started GET "/api/users/3/tasks" for 127.0.0.1 at 2015-04-28 09:51:17 +0300
Processing by Api::TasksController#index as HTML
  Parameters: {"user_id"=>"3"}
  [1m[35mUser Load (0.6ms)[0m  SELECT  `users`.* FROM `users` WHERE `users`.`id` = 3 LIMIT 1
  [1m[36mTask Load (0.8ms)[0m  [1mSELECT `tasks`.* FROM `tasks` WHERE `tasks`.`user_id` = 3[0m
Completed 200 OK in 7ms (Views: 2.1ms | ActiveRecord: 1.4ms)


Started GET "/api/users/tasks" for 127.0.0.1 at 2015-04-28 09:52:00 +0300

ActionController::RoutingError (No route matches [GET] "/api/users/tasks"):
  actionpack (4.2.0) lib/action_dispatch/middleware/debug_exceptions.rb:21:in `call'
  web-console (2.1.2) lib/web_console/middleware.rb:37:in `call'
  actionpack (4.2.0) lib/action_dispatch/middleware/show_exceptions.rb:30:in `call'
  railties (4.2.0) lib/rails/rack/logger.rb:38:in `call_app'
  railties (4.2.0) lib/rails/rack/logger.rb:20:in `block in call'
  activesupport (4.2.0) lib/active_support/tagged_logging.rb:68:in `block in tagged'
  activesupport (4.2.0) lib/active_support/tagged_logging.rb:26:in `tagged'
  activesupport (4.2.0) lib/active_support/tagged_logging.rb:68:in `tagged'
  railties (4.2.0) lib/rails/rack/logger.rb:20:in `call'
  actionpack (4.2.0) lib/action_dispatch/middleware/request_id.rb:21:in `call'
  rack (1.6.0) lib/rack/methodoverride.rb:22:in `call'
  rack (1.6.0) lib/rack/runtime.rb:18:in `call'
  activesupport (4.2.0) lib/active_support/cache/strategy/local_cache_middleware.rb:28:in `call'
  rack (1.6.0) lib/rack/lock.rb:17:in `call'
  actionpack (4.2.0) lib/action_dispatch/middleware/static.rb:113:in `call'
  rack (1.6.0) lib/rack/sendfile.rb:113:in `call'
  railties (4.2.0) lib/rails/engine.rb:518:in `call'
  railties (4.2.0) lib/rails/application.rb:164:in `call'
  rack (1.6.0) lib/rack/lock.rb:17:in `call'
  rack (1.6.0) lib/rack/content_length.rb:15:in `call'
  rack (1.6.0) lib/rack/handler/webrick.rb:89:in `service'
  /home/serge/.rvm/rubies/ruby-2.1.3/lib/ruby/2.1.0/webrick/httpserver.rb:138:in `service'
  /home/serge/.rvm/rubies/ruby-2.1.3/lib/ruby/2.1.0/webrick/httpserver.rb:94:in `run'
  /home/serge/.rvm/rubies/ruby-2.1.3/lib/ruby/2.1.0/webrick/server.rb:295:in `block in start_thread'


  Rendered /home/serge/.rvm/gems/ruby-2.1.3/gems/actionpack-4.2.0/lib/action_dispatch/middleware/templates/rescues/_trace.html.erb (3.1ms)
  Rendered /home/serge/.rvm/gems/ruby-2.1.3/gems/actionpack-4.2.0/lib/action_dispatch/middleware/templates/routes/_route.html.erb (1.2ms)
  Rendered /home/serge/.rvm/gems/ruby-2.1.3/gems/actionpack-4.2.0/lib/action_dispatch/middleware/templates/routes/_table.html.erb (2.7ms)
  Rendered /home/serge/.rvm/gems/ruby-2.1.3/gems/actionpack-4.2.0/lib/action_dispatch/middleware/templates/rescues/_request_and_response.html.erb (6.7ms)
  Rendered /home/serge/.rvm/gems/ruby-2.1.3/gems/actionpack-4.2.0/lib/action_dispatch/middleware/templates/rescues/routing_error.html.erb within rescues/layout (59.7ms)
  Rendered /home/serge/.rvm/gems/ruby-2.1.3/gems/web-console-2.1.2/lib/web_console/templates/_markup.html.erb (0.6ms)
  Rendered /home/serge/.rvm/gems/ruby-2.1.3/gems/web-console-2.1.2/lib/web_console/templates/style.css.erb within layouts/inlined_string (8.5ms)
  Rendered /home/serge/.rvm/gems/ruby-2.1.3/gems/web-console-2.1.2/lib/web_console/templates/_inner_console_markup.html.erb within layouts/inlined_string (0.4ms)
  Rendered /home/serge/.rvm/gems/ruby-2.1.3/gems/web-console-2.1.2/lib/web_console/templates/_prompt_box_markup.html.erb within layouts/inlined_string (5.0ms)
  Rendered /home/serge/.rvm/gems/ruby-2.1.3/gems/web-console-2.1.2/lib/web_console/templates/console.js.erb within layouts/javascript (39.2ms)
  Rendered /home/serge/.rvm/gems/ruby-2.1.3/gems/web-console-2.1.2/lib/web_console/templates/main.js.erb within layouts/javascript (0.4ms)
  Rendered /home/serge/.rvm/gems/ruby-2.1.3/gems/web-console-2.1.2/lib/web_console/templates/error_page.js.erb within layouts/javascript (0.5ms)
  Rendered /home/serge/.rvm/gems/ruby-2.1.3/gems/web-console-2.1.2/lib/web_console/templates/index.html.erb (81.3ms)


Started GET "/api/users/3/tasks" for 127.0.0.1 at 2015-04-28 09:52:01 +0300
Processing by Api::TasksController#index as HTML
  Parameters: {"user_id"=>"3"}
  [1m[35mUser Load (0.3ms)[0m  SELECT  `users`.* FROM `users` WHERE `users`.`id` = 3 LIMIT 1
  [1m[36mTask Load (0.3ms)[0m  [1mSELECT `tasks`.* FROM `tasks` WHERE `tasks`.`user_id` = 3[0m
Completed 200 OK in 4ms (Views: 1.6ms | ActiveRecord: 0.6ms)


Started GET "/api/users/tasks" for 127.0.0.1 at 2015-04-28 09:52:20 +0300

ActionController::RoutingError (No route matches [GET] "/api/users/tasks"):
  actionpack (4.2.0) lib/action_dispatch/middleware/debug_exceptions.rb:21:in `call'
  web-console (2.1.2) lib/web_console/middleware.rb:37:in `call'
  actionpack (4.2.0) lib/action_dispatch/middleware/show_exceptions.rb:30:in `call'
  railties (4.2.0) lib/rails/rack/logger.rb:38:in `call_app'
  railties (4.2.0) lib/rails/rack/logger.rb:20:in `block in call'
  activesupport (4.2.0) lib/active_support/tagged_logging.rb:68:in `block in tagged'
  activesupport (4.2.0) lib/active_support/tagged_logging.rb:26:in `tagged'
  activesupport (4.2.0) lib/active_support/tagged_logging.rb:68:in `tagged'
  railties (4.2.0) lib/rails/rack/logger.rb:20:in `call'
  actionpack (4.2.0) lib/action_dispatch/middleware/request_id.rb:21:in `call'
  rack (1.6.0) lib/rack/methodoverride.rb:22:in `call'
  rack (1.6.0) lib/rack/runtime.rb:18:in `call'
  activesupport (4.2.0) lib/active_support/cache/strategy/local_cache_middleware.rb:28:in `call'
  rack (1.6.0) lib/rack/lock.rb:17:in `call'
  actionpack (4.2.0) lib/action_dispatch/middleware/static.rb:113:in `call'
  rack (1.6.0) lib/rack/sendfile.rb:113:in `call'
  railties (4.2.0) lib/rails/engine.rb:518:in `call'
  railties (4.2.0) lib/rails/application.rb:164:in `call'
  rack (1.6.0) lib/rack/lock.rb:17:in `call'
  rack (1.6.0) lib/rack/content_length.rb:15:in `call'
  rack (1.6.0) lib/rack/handler/webrick.rb:89:in `service'
  /home/serge/.rvm/rubies/ruby-2.1.3/lib/ruby/2.1.0/webrick/httpserver.rb:138:in `service'
  /home/serge/.rvm/rubies/ruby-2.1.3/lib/ruby/2.1.0/webrick/httpserver.rb:94:in `run'
  /home/serge/.rvm/rubies/ruby-2.1.3/lib/ruby/2.1.0/webrick/server.rb:295:in `block in start_thread'


  Rendered /home/serge/.rvm/gems/ruby-2.1.3/gems/actionpack-4.2.0/lib/action_dispatch/middleware/templates/rescues/_trace.html.erb (3.7ms)
  Rendered /home/serge/.rvm/gems/ruby-2.1.3/gems/actionpack-4.2.0/lib/action_dispatch/middleware/templates/routes/_route.html.erb (1.2ms)
  Rendered /home/serge/.rvm/gems/ruby-2.1.3/gems/actionpack-4.2.0/lib/action_dispatch/middleware/templates/routes/_table.html.erb (7.3ms)
  Rendered /home/serge/.rvm/gems/ruby-2.1.3/gems/actionpack-4.2.0/lib/action_dispatch/middleware/templates/rescues/_request_and_response.html.erb (1.7ms)
  Rendered /home/serge/.rvm/gems/ruby-2.1.3/gems/actionpack-4.2.0/lib/action_dispatch/middleware/templates/rescues/routing_error.html.erb within rescues/layout (57.6ms)
  Rendered /home/serge/.rvm/gems/ruby-2.1.3/gems/web-console-2.1.2/lib/web_console/templates/_markup.html.erb (0.5ms)
  Rendered /home/serge/.rvm/gems/ruby-2.1.3/gems/web-console-2.1.2/lib/web_console/templates/style.css.erb within layouts/inlined_string (0.4ms)
  Rendered /home/serge/.rvm/gems/ruby-2.1.3/gems/web-console-2.1.2/lib/web_console/templates/_inner_console_markup.html.erb within layouts/inlined_string (0.4ms)
  Rendered /home/serge/.rvm/gems/ruby-2.1.3/gems/web-console-2.1.2/lib/web_console/templates/_prompt_box_markup.html.erb within layouts/inlined_string (0.4ms)
  Rendered /home/serge/.rvm/gems/ruby-2.1.3/gems/web-console-2.1.2/lib/web_console/templates/console.js.erb within layouts/javascript (18.7ms)
  Rendered /home/serge/.rvm/gems/ruby-2.1.3/gems/web-console-2.1.2/lib/web_console/templates/main.js.erb within layouts/javascript (0.4ms)
  Rendered /home/serge/.rvm/gems/ruby-2.1.3/gems/web-console-2.1.2/lib/web_console/templates/error_page.js.erb within layouts/javascript (0.7ms)
  Rendered /home/serge/.rvm/gems/ruby-2.1.3/gems/web-console-2.1.2/lib/web_console/templates/index.html.erb (43.7ms)


Started GET "/api/users/3/tasks" for 127.0.0.1 at 2015-04-28 09:52:20 +0300
Processing by Api::TasksController#index as HTML
  Parameters: {"user_id"=>"3"}
  [1m[35mUser Load (0.3ms)[0m  SELECT  `users`.* FROM `users` WHERE `users`.`id` = 3 LIMIT 1
  [1m[36mTask Load (0.3ms)[0m  [1mSELECT `tasks`.* FROM `tasks` WHERE `tasks`.`user_id` = 3[0m
Completed 200 OK in 5ms (Views: 2.6ms | ActiveRecord: 0.6ms)


Started GET "/api/users/tasks" for 127.0.0.1 at 2015-04-28 09:52:50 +0300

ActionController::RoutingError (No route matches [GET] "/api/users/tasks"):
  actionpack (4.2.0) lib/action_dispatch/middleware/debug_exceptions.rb:21:in `call'
  web-console (2.1.2) lib/web_console/middleware.rb:37:in `call'
  actionpack (4.2.0) lib/action_dispatch/middleware/show_exceptions.rb:30:in `call'
  railties (4.2.0) lib/rails/rack/logger.rb:38:in `call_app'
  railties (4.2.0) lib/rails/rack/logger.rb:20:in `block in call'
  activesupport (4.2.0) lib/active_support/tagged_logging.rb:68:in `block in tagged'
  activesupport (4.2.0) lib/active_support/tagged_logging.rb:26:in `tagged'
  activesupport (4.2.0) lib/active_support/tagged_logging.rb:68:in `tagged'
  railties (4.2.0) lib/rails/rack/logger.rb:20:in `call'
  actionpack (4.2.0) lib/action_dispatch/middleware/request_id.rb:21:in `call'
  rack (1.6.0) lib/rack/methodoverride.rb:22:in `call'
  rack (1.6.0) lib/rack/runtime.rb:18:in `call'
  activesupport (4.2.0) lib/active_support/cache/strategy/local_cache_middleware.rb:28:in `call'
  rack (1.6.0) lib/rack/lock.rb:17:in `call'
  actionpack (4.2.0) lib/action_dispatch/middleware/static.rb:113:in `call'
  rack (1.6.0) lib/rack/sendfile.rb:113:in `call'
  railties (4.2.0) lib/rails/engine.rb:518:in `call'
  railties (4.2.0) lib/rails/application.rb:164:in `call'
  rack (1.6.0) lib/rack/lock.rb:17:in `call'
  rack (1.6.0) lib/rack/content_length.rb:15:in `call'
  rack (1.6.0) lib/rack/handler/webrick.rb:89:in `service'
  /home/serge/.rvm/rubies/ruby-2.1.3/lib/ruby/2.1.0/webrick/httpserver.rb:138:in `service'
  /home/serge/.rvm/rubies/ruby-2.1.3/lib/ruby/2.1.0/webrick/httpserver.rb:94:in `run'
  /home/serge/.rvm/rubies/ruby-2.1.3/lib/ruby/2.1.0/webrick/server.rb:295:in `block in start_thread'


  Rendered /home/serge/.rvm/gems/ruby-2.1.3/gems/actionpack-4.2.0/lib/action_dispatch/middleware/templates/rescues/_trace.html.erb (1.9ms)
  Rendered /home/serge/.rvm/gems/ruby-2.1.3/gems/actionpack-4.2.0/lib/action_dispatch/middleware/templates/routes/_route.html.erb (1.6ms)
  Rendered /home/serge/.rvm/gems/ruby-2.1.3/gems/actionpack-4.2.0/lib/action_dispatch/middleware/templates/routes/_table.html.erb (1.7ms)
  Rendered /home/serge/.rvm/gems/ruby-2.1.3/gems/actionpack-4.2.0/lib/action_dispatch/middleware/templates/rescues/_request_and_response.html.erb (1.4ms)
  Rendered /home/serge/.rvm/gems/ruby-2.1.3/gems/actionpack-4.2.0/lib/action_dispatch/middleware/templates/rescues/routing_error.html.erb within rescues/layout (40.3ms)
  Rendered /home/serge/.rvm/gems/ruby-2.1.3/gems/web-console-2.1.2/lib/web_console/templates/_markup.html.erb (6.7ms)
  Rendered /home/serge/.rvm/gems/ruby-2.1.3/gems/web-console-2.1.2/lib/web_console/templates/style.css.erb within layouts/inlined_string (0.4ms)
  Rendered /home/serge/.rvm/gems/ruby-2.1.3/gems/web-console-2.1.2/lib/web_console/templates/_inner_console_markup.html.erb within layouts/inlined_string (0.4ms)
  Rendered /home/serge/.rvm/gems/ruby-2.1.3/gems/web-console-2.1.2/lib/web_console/templates/_prompt_box_markup.html.erb within layouts/inlined_string (0.4ms)
  Rendered /home/serge/.rvm/gems/ruby-2.1.3/gems/web-console-2.1.2/lib/web_console/templates/console.js.erb within layouts/javascript (28.2ms)
  Rendered /home/serge/.rvm/gems/ruby-2.1.3/gems/web-console-2.1.2/lib/web_console/templates/main.js.erb within layouts/javascript (0.5ms)
  Rendered /home/serge/.rvm/gems/ruby-2.1.3/gems/web-console-2.1.2/lib/web_console/templates/error_page.js.erb within layouts/javascript (0.5ms)
  Rendered /home/serge/.rvm/gems/ruby-2.1.3/gems/web-console-2.1.2/lib/web_console/templates/index.html.erb (59.9ms)


Started GET "/api/users/3/tasks" for 127.0.0.1 at 2015-04-28 09:52:51 +0300
Processing by Api::TasksController#index as HTML
  Parameters: {"user_id"=>"3"}
  [1m[35mUser Load (1.7ms)[0m  SELECT  `users`.* FROM `users` WHERE `users`.`id` = 3 LIMIT 1
  [1m[36mTask Load (0.4ms)[0m  [1mSELECT `tasks`.* FROM `tasks` WHERE `tasks`.`user_id` = 3[0m
Completed 200 OK in 6ms (Views: 2.0ms | ActiveRecord: 2.0ms)


Started GET "/api/users/3/tasks" for 127.0.0.1 at 2015-04-28 09:52:59 +0300
Processing by Api::TasksController#index as HTML
  Parameters: {"user_id"=>"3"}
  [1m[35mUser Load (0.3ms)[0m  SELECT  `users`.* FROM `users` WHERE `users`.`id` = 3 LIMIT 1
  [1m[36mTask Load (0.3ms)[0m  [1mSELECT `tasks`.* FROM `tasks` WHERE `tasks`.`user_id` = 3[0m
Completed 200 OK in 5ms (Views: 3.0ms | ActiveRecord: 0.6ms)


Started GET "/api/users/tasks" for 127.0.0.1 at 2015-04-28 09:53:13 +0300

ActionController::RoutingError (No route matches [GET] "/api/users/tasks"):
  actionpack (4.2.0) lib/action_dispatch/middleware/debug_exceptions.rb:21:in `call'
  web-console (2.1.2) lib/web_console/middleware.rb:37:in `call'
  actionpack (4.2.0) lib/action_dispatch/middleware/show_exceptions.rb:30:in `call'
  railties (4.2.0) lib/rails/rack/logger.rb:38:in `call_app'
  railties (4.2.0) lib/rails/rack/logger.rb:20:in `block in call'
  activesupport (4.2.0) lib/active_support/tagged_logging.rb:68:in `block in tagged'
  activesupport (4.2.0) lib/active_support/tagged_logging.rb:26:in `tagged'
  activesupport (4.2.0) lib/active_support/tagged_logging.rb:68:in `tagged'
  railties (4.2.0) lib/rails/rack/logger.rb:20:in `call'
  actionpack (4.2.0) lib/action_dispatch/middleware/request_id.rb:21:in `call'
  rack (1.6.0) lib/rack/methodoverride.rb:22:in `call'
  rack (1.6.0) lib/rack/runtime.rb:18:in `call'
  activesupport (4.2.0) lib/active_support/cache/strategy/local_cache_middleware.rb:28:in `call'
  rack (1.6.0) lib/rack/lock.rb:17:in `call'
  actionpack (4.2.0) lib/action_dispatch/middleware/static.rb:113:in `call'
  rack (1.6.0) lib/rack/sendfile.rb:113:in `call'
  railties (4.2.0) lib/rails/engine.rb:518:in `call'
  railties (4.2.0) lib/rails/application.rb:164:in `call'
  rack (1.6.0) lib/rack/lock.rb:17:in `call'
  rack (1.6.0) lib/rack/content_length.rb:15:in `call'
  rack (1.6.0) lib/rack/handler/webrick.rb:89:in `service'
  /home/serge/.rvm/rubies/ruby-2.1.3/lib/ruby/2.1.0/webrick/httpserver.rb:138:in `service'
  /home/serge/.rvm/rubies/ruby-2.1.3/lib/ruby/2.1.0/webrick/httpserver.rb:94:in `run'
  /home/serge/.rvm/rubies/ruby-2.1.3/lib/ruby/2.1.0/webrick/server.rb:295:in `block in start_thread'


  Rendered /home/serge/.rvm/gems/ruby-2.1.3/gems/actionpack-4.2.0/lib/action_dispatch/middleware/templates/rescues/_trace.html.erb (2.4ms)
  Rendered /home/serge/.rvm/gems/ruby-2.1.3/gems/actionpack-4.2.0/lib/action_dispatch/middleware/templates/routes/_route.html.erb (1.4ms)
  Rendered /home/serge/.rvm/gems/ruby-2.1.3/gems/actionpack-4.2.0/lib/action_dispatch/middleware/templates/routes/_table.html.erb (1.5ms)
  Rendered /home/serge/.rvm/gems/ruby-2.1.3/gems/actionpack-4.2.0/lib/action_dispatch/middleware/templates/rescues/_request_and_response.html.erb (1.4ms)
  Rendered /home/serge/.rvm/gems/ruby-2.1.3/gems/actionpack-4.2.0/lib/action_dispatch/middleware/templates/rescues/routing_error.html.erb within rescues/layout (25.5ms)
  Rendered /home/serge/.rvm/gems/ruby-2.1.3/gems/web-console-2.1.2/lib/web_console/templates/_markup.html.erb (0.4ms)
  Rendered /home/serge/.rvm/gems/ruby-2.1.3/gems/web-console-2.1.2/lib/web_console/templates/style.css.erb within layouts/inlined_string (0.4ms)
  Rendered /home/serge/.rvm/gems/ruby-2.1.3/gems/web-console-2.1.2/lib/web_console/templates/_inner_console_markup.html.erb within layouts/inlined_string (0.6ms)
  Rendered /home/serge/.rvm/gems/ruby-2.1.3/gems/web-console-2.1.2/lib/web_console/templates/_prompt_box_markup.html.erb within layouts/inlined_string (0.4ms)
  Rendered /home/serge/.rvm/gems/ruby-2.1.3/gems/web-console-2.1.2/lib/web_console/templates/console.js.erb within layouts/javascript (16.4ms)
  Rendered /home/serge/.rvm/gems/ruby-2.1.3/gems/web-console-2.1.2/lib/web_console/templates/main.js.erb within layouts/javascript (0.4ms)
  Rendered /home/serge/.rvm/gems/ruby-2.1.3/gems/web-console-2.1.2/lib/web_console/templates/error_page.js.erb within layouts/javascript (0.5ms)
  Rendered /home/serge/.rvm/gems/ruby-2.1.3/gems/web-console-2.1.2/lib/web_console/templates/index.html.erb (35.7ms)


Started GET "/api/users/3/tasks" for 127.0.0.1 at 2015-04-28 09:53:14 +0300
Processing by Api::TasksController#index as HTML
  Parameters: {"user_id"=>"3"}
  [1m[35mUser Load (0.5ms)[0m  SELECT  `users`.* FROM `users` WHERE `users`.`id` = 3 LIMIT 1
  [1m[36mTask Load (0.4ms)[0m  [1mSELECT `tasks`.* FROM `tasks` WHERE `tasks`.`user_id` = 3[0m
Completed 200 OK in 9ms (Views: 7.2ms | ActiveRecord: 0.8ms)


Started GET "/api/users/3/tasks" for 127.0.0.1 at 2015-04-28 09:53:14 +0300
Processing by Api::TasksController#index as HTML
  Parameters: {"user_id"=>"3"}
  [1m[35mUser Load (0.3ms)[0m  SELECT  `users`.* FROM `users` WHERE `users`.`id` = 3 LIMIT 1
  [1m[36mTask Load (1.0ms)[0m  [1mSELECT `tasks`.* FROM `tasks` WHERE `tasks`.`user_id` = 3[0m
Completed 200 OK in 4ms (Views: 1.6ms | ActiveRecord: 1.3ms)


Started GET "/api/users/3/tasks" for 127.0.0.1 at 2015-04-28 09:55:13 +0300
Processing by Api::TasksController#index as HTML
  Parameters: {"user_id"=>"3"}
  [1m[35mUser Load (0.4ms)[0m  SELECT  `users`.* FROM `users` WHERE `users`.`id` = 3 LIMIT 1
  [1m[36mTask Load (1.2ms)[0m  [1mSELECT `tasks`.* FROM `tasks` WHERE `tasks`.`user_id` = 3[0m
Completed 200 OK in 7ms (Views: 4.4ms | ActiveRecord: 1.6ms)


Started GET "/api/users/3/tasks" for 127.0.0.1 at 2015-04-28 09:55:33 +0300
Processing by Api::TasksController#index as HTML
  Parameters: {"user_id"=>"3"}
  [1m[35mUser Load (0.6ms)[0m  SELECT  `users`.* FROM `users` WHERE `users`.`id` = 3 LIMIT 1
  [1m[36mTask Load (0.3ms)[0m  [1mSELECT `tasks`.* FROM `tasks` WHERE `tasks`.`user_id` = 3[0m
Completed 200 OK in 10ms (Views: 8.1ms | ActiveRecord: 0.9ms)


Started GET "/api/users/3/tasks" for 127.0.0.1 at 2015-04-28 09:56:25 +0300
Processing by Api::TasksController#index as HTML
  Parameters: {"user_id"=>"3"}
  [1m[35mUser Load (0.4ms)[0m  SELECT  `users`.* FROM `users` WHERE `users`.`id` = 3 LIMIT 1
  [1m[36mTask Load (3.8ms)[0m  [1mSELECT `tasks`.* FROM `tasks` WHERE `tasks`.`user_id` = 3[0m
Completed 200 OK in 8ms (Views: 2.1ms | ActiveRecord: 4.2ms)


Started GET "/api/users/3/tasks" for 127.0.0.1 at 2015-04-28 09:56:44 +0300
Processing by Api::TasksController#index as HTML
  Parameters: {"user_id"=>"3"}
  [1m[35mUser Load (0.4ms)[0m  SELECT  `users`.* FROM `users` WHERE `users`.`id` = 3 LIMIT 1
  [1m[36mTask Load (0.3ms)[0m  [1mSELECT `tasks`.* FROM `tasks` WHERE `tasks`.`user_id` = 3[0m
Completed 200 OK in 4ms (Views: 1.6ms | ActiveRecord: 0.7ms)


Started GET "/api/users/3/tasks" for 127.0.0.1 at 2015-04-28 09:56:45 +0300
Processing by Api::TasksController#index as HTML
  Parameters: {"user_id"=>"3"}
  [1m[35mUser Load (0.5ms)[0m  SELECT  `users`.* FROM `users` WHERE `users`.`id` = 3 LIMIT 1
  [1m[36mTask Load (0.4ms)[0m  [1mSELECT `tasks`.* FROM `tasks` WHERE `tasks`.`user_id` = 3[0m
Completed 200 OK in 9ms (Views: 6.5ms | ActiveRecord: 0.9ms)


Started GET "/api/users/3/tasks" for 127.0.0.1 at 2015-04-28 09:56:56 +0300
Processing by Api::TasksController#index as HTML
  Parameters: {"user_id"=>"3"}
  [1m[35mUser Load (0.3ms)[0m  SELECT  `users`.* FROM `users` WHERE `users`.`id` = 3 LIMIT 1
  [1m[36mTask Load (2.1ms)[0m  [1mSELECT `tasks`.* FROM `tasks` WHERE `tasks`.`user_id` = 3[0m
Completed 200 OK in 6ms (Views: 2.1ms | ActiveRecord: 2.4ms)


Started GET "/api/users/3/tasks" for 127.0.0.1 at 2015-04-28 09:56:57 +0300
Processing by Api::TasksController#index as HTML
  Parameters: {"user_id"=>"3"}
  [1m[35mUser Load (0.3ms)[0m  SELECT  `users`.* FROM `users` WHERE `users`.`id` = 3 LIMIT 1
  [1m[36mTask Load (0.4ms)[0m  [1mSELECT `tasks`.* FROM `tasks` WHERE `tasks`.`user_id` = 3[0m
Completed 200 OK in 4ms (Views: 1.6ms | ActiveRecord: 0.8ms)


Started GET "/api/users/3/tasks" for 127.0.0.1 at 2015-04-28 09:57:23 +0300
Processing by Api::TasksController#index as HTML
  Parameters: {"user_id"=>"3"}
  [1m[35mUser Load (0.5ms)[0m  SELECT  `users`.* FROM `users` WHERE `users`.`id` = 3 LIMIT 1
  [1m[36mTask Load (0.4ms)[0m  [1mSELECT `tasks`.* FROM `tasks` WHERE `tasks`.`user_id` = 3[0m
Completed 200 OK in 4ms (Views: 1.5ms | ActiveRecord: 0.9ms)


Started GET "/api/users/3/tasks" for 127.0.0.1 at 2015-04-28 09:58:06 +0300
Processing by Api::TasksController#index as HTML
  Parameters: {"user_id"=>"3"}
  [1m[35mUser Load (0.3ms)[0m  SELECT  `users`.* FROM `users` WHERE `users`.`id` = 3 LIMIT 1
  [1m[36mTask Load (0.3ms)[0m  [1mSELECT `tasks`.* FROM `tasks` WHERE `tasks`.`user_id` = 3[0m
Completed 200 OK in 4ms (Views: 2.3ms | ActiveRecord: 0.6ms)


Started GET "/api/users/3/tasks" for 127.0.0.1 at 2015-04-28 10:00:54 +0300
Processing by Api::TasksController#index as HTML
  Parameters: {"user_id"=>"3"}
  [1m[35mUser Load (0.4ms)[0m  SELECT  `users`.* FROM `users` WHERE `users`.`id` = 3 LIMIT 1
  [1m[36mTask Load (1.5ms)[0m  [1mSELECT `tasks`.* FROM `tasks` WHERE `tasks`.`user_id` = 3[0m
Completed 200 OK in 5ms (Views: 1.6ms | ActiveRecord: 1.8ms)


Started GET "/api/users/3/tasks" for 127.0.0.1 at 2015-04-28 10:01:25 +0300
Processing by Api::TasksController#index as HTML
  Parameters: {"user_id"=>"3"}
  [1m[35mUser Load (0.5ms)[0m  SELECT  `users`.* FROM `users` WHERE `users`.`id` = 3 LIMIT 1
  [1m[36mTask Load (0.5ms)[0m  [1mSELECT `tasks`.* FROM `tasks` WHERE `tasks`.`user_id` = 3[0m
Completed 200 OK in 4ms (Views: 1.6ms | ActiveRecord: 1.0ms)


Started GET "/api/users/3/tasks" for 127.0.0.1 at 2015-04-28 10:01:35 +0300
Processing by Api::TasksController#index as HTML
  Parameters: {"user_id"=>"3"}
  [1m[35mUser Load (0.4ms)[0m  SELECT  `users`.* FROM `users` WHERE `users`.`id` = 3 LIMIT 1
  [1m[36mTask Load (0.4ms)[0m  [1mSELECT `tasks`.* FROM `tasks` WHERE `tasks`.`user_id` = 3[0m
Completed 200 OK in 5ms (Views: 2.2ms | ActiveRecord: 0.8ms)


Started GET "/api/users/3/tasks" for 127.0.0.1 at 2015-04-28 10:01:54 +0300
Processing by Api::TasksController#index as HTML
  Parameters: {"user_id"=>"3"}
  [1m[35mUser Load (0.3ms)[0m  SELECT  `users`.* FROM `users` WHERE `users`.`id` = 3 LIMIT 1
  [1m[36mTask Load (3.8ms)[0m  [1mSELECT `tasks`.* FROM `tasks` WHERE `tasks`.`user_id` = 3[0m
Completed 200 OK in 9ms (Views: 3.9ms | ActiveRecord: 4.1ms)


Started GET "/api/users/3/tasks" for 127.0.0.1 at 2015-04-28 10:01:55 +0300
Processing by Api::TasksController#index as HTML
  Parameters: {"user_id"=>"3"}
  [1m[35mUser Load (0.3ms)[0m  SELECT  `users`.* FROM `users` WHERE `users`.`id` = 3 LIMIT 1
  [1m[36mTask Load (0.3ms)[0m  [1mSELECT `tasks`.* FROM `tasks` WHERE `tasks`.`user_id` = 3[0m
Completed 200 OK in 3ms (Views: 1.5ms | ActiveRecord: 0.6ms)


Started GET "/api/users/3/tasks" for 127.0.0.1 at 2015-04-28 10:02:26 +0300
Processing by Api::TasksController#index as HTML
  Parameters: {"user_id"=>"3"}
  [1m[35mUser Load (0.7ms)[0m  SELECT  `users`.* FROM `users` WHERE `users`.`id` = 3 LIMIT 1
  [1m[36mTask Load (0.7ms)[0m  [1mSELECT `tasks`.* FROM `tasks` WHERE `tasks`.`user_id` = 3[0m
Completed 200 OK in 4ms (Views: 1.5ms | ActiveRecord: 1.4ms)


Started GET "/api/users/3/tasks" for 127.0.0.1 at 2015-04-28 10:21:34 +0300
Processing by Api::TasksController#index as HTML
  Parameters: {"user_id"=>"3"}
  [1m[35mUser Load (0.6ms)[0m  SELECT  `users`.* FROM `users` WHERE `users`.`id` = 3 LIMIT 1
  [1m[36mTask Load (0.3ms)[0m  [1mSELECT `tasks`.* FROM `tasks` WHERE `tasks`.`user_id` = 3[0m
Completed 200 OK in 68ms (Views: 7.5ms | ActiveRecord: 47.8ms)


Started GET "/api/users/3/tasks" for 127.0.0.1 at 2015-04-28 10:21:52 +0300
Processing by Api::TasksController#index as HTML
  Parameters: {"user_id"=>"3"}
  [1m[35mUser Load (0.3ms)[0m  SELECT  `users`.* FROM `users` WHERE `users`.`id` = 3 LIMIT 1
  [1m[36mTask Load (2.1ms)[0m  [1mSELECT `tasks`.* FROM `tasks` WHERE `tasks`.`user_id` = 3[0m
Completed 200 OK in 6ms (Views: 1.9ms | ActiveRecord: 2.5ms)


Started GET "/api/users/3/tasks" for 127.0.0.1 at 2015-04-28 10:22:34 +0300
Processing by Api::TasksController#index as HTML
  Parameters: {"user_id"=>"3"}
  [1m[35mUser Load (0.4ms)[0m  SELECT  `users`.* FROM `users` WHERE `users`.`id` = 3 LIMIT 1
  [1m[36mTask Load (0.4ms)[0m  [1mSELECT `tasks`.* FROM `tasks` WHERE `tasks`.`user_id` = 3[0m
Completed 200 OK in 4ms (Views: 2.0ms | ActiveRecord: 0.8ms)


Started GET "/api/users/5/tasks" for 127.0.0.1 at 2015-04-28 10:22:47 +0300
Processing by Api::TasksController#index as HTML
  Parameters: {"user_id"=>"5"}
  [1m[35mUser Load (0.3ms)[0m  SELECT  `users`.* FROM `users` WHERE `users`.`id` = 5 LIMIT 1
  [1m[36mTask Load (0.3ms)[0m  [1mSELECT `tasks`.* FROM `tasks` WHERE `tasks`.`user_id` = 5[0m
Completed 200 OK in 4ms (Views: 2.1ms | ActiveRecord: 0.7ms)


Started GET "/api/users/5/tasks" for 127.0.0.1 at 2015-04-28 11:36:37 +0300
Processing by Api::TasksController#index as HTML
  Parameters: {"user_id"=>"5"}
  [1m[35mUser Load (36.1ms)[0m  SELECT  `users`.* FROM `users` WHERE `users`.`id` = 5 LIMIT 1
  [1m[36mTask Load (0.4ms)[0m  [1mSELECT `tasks`.* FROM `tasks` WHERE `tasks`.`user_id` = 5[0m
Completed 200 OK in 48ms (Views: 1.7ms | ActiveRecord: 36.5ms)
